INFO - 2024-04-08 01:10:03 --> Session: Class initialized using 'CodeIgniter\Session\Handlers\FileHandler' driver.
INFO - 2024-04-08 01:10:10 --> Session: Class initialized using 'CodeIgniter\Session\Handlers\FileHandler' driver.
INFO - 2024-04-08 01:10:10 --> Session: Class initialized using 'CodeIgniter\Session\Handlers\FileHandler' driver.
INFO - 2024-04-08 01:10:19 --> Session: Class initialized using 'CodeIgniter\Session\Handlers\FileHandler' driver.
INFO - 2024-04-08 02:22:39 --> Session: Class initialized using 'CodeIgniter\Session\Handlers\FileHandler' driver.
INFO - 2024-04-08 02:40:44 --> Session: Class initialized using 'CodeIgniter\Session\Handlers\FileHandler' driver.
INFO - 2024-04-08 03:00:00 --> Session: Class initialized using 'CodeIgniter\Session\Handlers\FileHandler' driver.
INFO - 2024-04-08 03:00:59 --> Session: Class initialized using 'CodeIgniter\Session\Handlers\FileHandler' driver.
INFO - 2024-04-08 03:01:19 --> Session: Class initialized using 'CodeIgniter\Session\Handlers\FileHandler' driver.
ERROR - 2024-04-08 03:01:19 --> mysqli_sql_exception: Unknown column 'jadwal_vaksis.id_vaksin' in 'on clause' in C:\xampp\htdocs\vaksinasi\system\Database\MySQLi\Connection.php:306
Stack trace:
#0 C:\xampp\htdocs\vaksinasi\system\Database\MySQLi\Connection.php(306): mysqli->query('SELECT `dokumen...', 0)
#1 C:\xampp\htdocs\vaksinasi\system\Database\BaseConnection.php(693): CodeIgniter\Database\MySQLi\Connection->execute('SELECT `dokumen...')
#2 C:\xampp\htdocs\vaksinasi\system\Database\BaseConnection.php(607): CodeIgniter\Database\BaseConnection->simpleQuery('SELECT `dokumen...')
#3 C:\xampp\htdocs\vaksinasi\system\Database\BaseBuilder.php(1616): CodeIgniter\Database\BaseConnection->query('SELECT `dokumen...', Array, false)
#4 C:\xampp\htdocs\vaksinasi\system\Model.php(242): CodeIgniter\Database\BaseBuilder->get()
#5 C:\xampp\htdocs\vaksinasi\system\BaseModel.php(638): CodeIgniter\Model->doFindAll(0, 0)
#6 C:\xampp\htdocs\vaksinasi\app\Controllers\AdminProv.php(210): CodeIgniter\BaseModel->findAll()
#7 C:\xampp\htdocs\vaksinasi\system\CodeIgniter.php(941): App\Controllers\AdminProv->laporan_detail()
#8 C:\xampp\htdocs\vaksinasi\system\CodeIgniter.php(502): CodeIgniter\CodeIgniter->runController(Object(App\Controllers\AdminProv))
#9 C:\xampp\htdocs\vaksinasi\system\CodeIgniter.php(361): CodeIgniter\CodeIgniter->handleRequest(NULL, Object(Config\Cache), false)
#10 C:\xampp\htdocs\vaksinasi\public\index.php(79): CodeIgniter\CodeIgniter->run()
#11 {main}
CRITICAL - 2024-04-08 03:01:19 --> CodeIgniter\Database\Exceptions\DatabaseException: Unknown column 'jadwal_vaksis.id_vaksin' in 'on clause'
in SYSTEMPATH\Database\BaseConnection.php on line 647.
 1 SYSTEMPATH\Database\BaseBuilder.php(1616): CodeIgniter\Database\BaseConnection->query('SELECT `dokumentasi`.`id_dokumentasi`, `dokumentasi`.`id_jadwal`, `dokumentasi`.`foto`, `dokumentasi`.`text`, `jadwal_vaksin`.`tgl_pemberian`, `jadwal_vaksin`.`id_vaksin`, `vaksinasi`.`id_peternak`, `vaksinasi`.`jumlah_dosis`, `vaksinasi`.`jenis`, `pemilik_ternak`.`id_kab`, `pemilik_ternak`.`nama_pemilik`, `pemilik_ternak`.`alamat`, `pemilik_ternak`.`no_hp`, `admin_kabupaten`.`nama_kabupaten`
FROM `dokumentasi`
LEFT JOIN `jadwal_vaksin` ON `jadwal_vaksin`.`id_jadwal` = `dokumentasi`.`id_jadwal`
LEFT JOIN `vaksinasi` ON `vaksinasi`.`id_vaksinasi` = `jadwal_vaksis`.`id_vaksin`
LEFT JOIN `pemilik_ternak` ON `pemilik_ternak`.`id_pemilik_ternak` = `vaksinasi`.`id_peternak`
JOIN `admin_kabupaten` ON `admin_kabupaten`.`id_kab` = `pemilik_ternak`.`id_kab`
WHERE `pemilik_ternak`.`id_kab` IS NULL', [], false)
 2 SYSTEMPATH\Model.php(242): CodeIgniter\Database\BaseBuilder->get()
 3 SYSTEMPATH\BaseModel.php(638): CodeIgniter\Model->doFindAll(0, 0)
 4 APPPATH\Controllers\AdminProv.php(210): CodeIgniter\BaseModel->findAll()
 5 SYSTEMPATH\CodeIgniter.php(941): App\Controllers\AdminProv->laporan_detail()
 6 SYSTEMPATH\CodeIgniter.php(502): CodeIgniter\CodeIgniter->runController(Object(App\Controllers\AdminProv))
 7 SYSTEMPATH\CodeIgniter.php(361): CodeIgniter\CodeIgniter->handleRequest(null, Object(Config\Cache), false)
 8 FCPATH\index.php(79): CodeIgniter\CodeIgniter->run()
CRITICAL - 2024-04-08 03:01:19 --> [Caused by] CodeIgniter\Database\Exceptions\DatabaseException: Unknown column 'jadwal_vaksis.id_vaksin' in 'on clause'
in SYSTEMPATH\Database\MySQLi\Connection.php on line 311.
 1 SYSTEMPATH\Database\BaseConnection.php(693): CodeIgniter\Database\MySQLi\Connection->execute('SELECT `dokumentasi`.`id_dokumentasi`, `dokumentasi`.`id_jadwal`, `dokumentasi`.`foto`, `dokumentasi`.`text`, `jadwal_vaksin`.`tgl_pemberian`, `jadwal_vaksin`.`id_vaksin`, `vaksinasi`.`id_peternak`, `vaksinasi`.`jumlah_dosis`, `vaksinasi`.`jenis`, `pemilik_ternak`.`id_kab`, `pemilik_ternak`.`nama_pemilik`, `pemilik_ternak`.`alamat`, `pemilik_ternak`.`no_hp`, `admin_kabupaten`.`nama_kabupaten`
FROM `dokumentasi`
LEFT JOIN `jadwal_vaksin` ON `jadwal_vaksin`.`id_jadwal` = `dokumentasi`.`id_jadwal`
LEFT JOIN `vaksinasi` ON `vaksinasi`.`id_vaksinasi` = `jadwal_vaksis`.`id_vaksin`
LEFT JOIN `pemilik_ternak` ON `pemilik_ternak`.`id_pemilik_ternak` = `vaksinasi`.`id_peternak`
JOIN `admin_kabupaten` ON `admin_kabupaten`.`id_kab` = `pemilik_ternak`.`id_kab`
WHERE `pemilik_ternak`.`id_kab` IS NULL')
 2 SYSTEMPATH\Database\BaseConnection.php(607): CodeIgniter\Database\BaseConnection->simpleQuery('SELECT `dokumentasi`.`id_dokumentasi`, `dokumentasi`.`id_jadwal`, `dokumentasi`.`foto`, `dokumentasi`.`text`, `jadwal_vaksin`.`tgl_pemberian`, `jadwal_vaksin`.`id_vaksin`, `vaksinasi`.`id_peternak`, `vaksinasi`.`jumlah_dosis`, `vaksinasi`.`jenis`, `pemilik_ternak`.`id_kab`, `pemilik_ternak`.`nama_pemilik`, `pemilik_ternak`.`alamat`, `pemilik_ternak`.`no_hp`, `admin_kabupaten`.`nama_kabupaten`
FROM `dokumentasi`
LEFT JOIN `jadwal_vaksin` ON `jadwal_vaksin`.`id_jadwal` = `dokumentasi`.`id_jadwal`
LEFT JOIN `vaksinasi` ON `vaksinasi`.`id_vaksinasi` = `jadwal_vaksis`.`id_vaksin`
LEFT JOIN `pemilik_ternak` ON `pemilik_ternak`.`id_pemilik_ternak` = `vaksinasi`.`id_peternak`
JOIN `admin_kabupaten` ON `admin_kabupaten`.`id_kab` = `pemilik_ternak`.`id_kab`
WHERE `pemilik_ternak`.`id_kab` IS NULL')
 3 SYSTEMPATH\Database\BaseBuilder.php(1616): CodeIgniter\Database\BaseConnection->query('SELECT `dokumentasi`.`id_dokumentasi`, `dokumentasi`.`id_jadwal`, `dokumentasi`.`foto`, `dokumentasi`.`text`, `jadwal_vaksin`.`tgl_pemberian`, `jadwal_vaksin`.`id_vaksin`, `vaksinasi`.`id_peternak`, `vaksinasi`.`jumlah_dosis`, `vaksinasi`.`jenis`, `pemilik_ternak`.`id_kab`, `pemilik_ternak`.`nama_pemilik`, `pemilik_ternak`.`alamat`, `pemilik_ternak`.`no_hp`, `admin_kabupaten`.`nama_kabupaten`
FROM `dokumentasi`
LEFT JOIN `jadwal_vaksin` ON `jadwal_vaksin`.`id_jadwal` = `dokumentasi`.`id_jadwal`
LEFT JOIN `vaksinasi` ON `vaksinasi`.`id_vaksinasi` = `jadwal_vaksis`.`id_vaksin`
LEFT JOIN `pemilik_ternak` ON `pemilik_ternak`.`id_pemilik_ternak` = `vaksinasi`.`id_peternak`
JOIN `admin_kabupaten` ON `admin_kabupaten`.`id_kab` = `pemilik_ternak`.`id_kab`
WHERE `pemilik_ternak`.`id_kab` IS NULL', [], false)
 4 SYSTEMPATH\Model.php(242): CodeIgniter\Database\BaseBuilder->get()
 5 SYSTEMPATH\BaseModel.php(638): CodeIgniter\Model->doFindAll(0, 0)
 6 APPPATH\Controllers\AdminProv.php(210): CodeIgniter\BaseModel->findAll()
 7 SYSTEMPATH\CodeIgniter.php(941): App\Controllers\AdminProv->laporan_detail()
 8 SYSTEMPATH\CodeIgniter.php(502): CodeIgniter\CodeIgniter->runController(Object(App\Controllers\AdminProv))
 9 SYSTEMPATH\CodeIgniter.php(361): CodeIgniter\CodeIgniter->handleRequest(null, Object(Config\Cache), false)
10 FCPATH\index.php(79): CodeIgniter\CodeIgniter->run()
CRITICAL - 2024-04-08 03:01:19 --> [Caused by] mysqli_sql_exception: Unknown column 'jadwal_vaksis.id_vaksin' in 'on clause'
in SYSTEMPATH\Database\MySQLi\Connection.php on line 306.
 1 SYSTEMPATH\Database\MySQLi\Connection.php(306): mysqli->query('SELECT `dokumentasi`.`id_dokumentasi`, `dokumentasi`.`id_jadwal`, `dokumentasi`.`foto`, `dokumentasi`.`text`, `jadwal_vaksin`.`tgl_pemberian`, `jadwal_vaksin`.`id_vaksin`, `vaksinasi`.`id_peternak`, `vaksinasi`.`jumlah_dosis`, `vaksinasi`.`jenis`, `pemilik_ternak`.`id_kab`, `pemilik_ternak`.`nama_pemilik`, `pemilik_ternak`.`alamat`, `pemilik_ternak`.`no_hp`, `admin_kabupaten`.`nama_kabupaten`
FROM `dokumentasi`
LEFT JOIN `jadwal_vaksin` ON `jadwal_vaksin`.`id_jadwal` = `dokumentasi`.`id_jadwal`
LEFT JOIN `vaksinasi` ON `vaksinasi`.`id_vaksinasi` = `jadwal_vaksis`.`id_vaksin`
LEFT JOIN `pemilik_ternak` ON `pemilik_ternak`.`id_pemilik_ternak` = `vaksinasi`.`id_peternak`
JOIN `admin_kabupaten` ON `admin_kabupaten`.`id_kab` = `pemilik_ternak`.`id_kab`
WHERE `pemilik_ternak`.`id_kab` IS NULL', 0)
 2 SYSTEMPATH\Database\BaseConnection.php(693): CodeIgniter\Database\MySQLi\Connection->execute('SELECT `dokumentasi`.`id_dokumentasi`, `dokumentasi`.`id_jadwal`, `dokumentasi`.`foto`, `dokumentasi`.`text`, `jadwal_vaksin`.`tgl_pemberian`, `jadwal_vaksin`.`id_vaksin`, `vaksinasi`.`id_peternak`, `vaksinasi`.`jumlah_dosis`, `vaksinasi`.`jenis`, `pemilik_ternak`.`id_kab`, `pemilik_ternak`.`nama_pemilik`, `pemilik_ternak`.`alamat`, `pemilik_ternak`.`no_hp`, `admin_kabupaten`.`nama_kabupaten`
FROM `dokumentasi`
LEFT JOIN `jadwal_vaksin` ON `jadwal_vaksin`.`id_jadwal` = `dokumentasi`.`id_jadwal`
LEFT JOIN `vaksinasi` ON `vaksinasi`.`id_vaksinasi` = `jadwal_vaksis`.`id_vaksin`
LEFT JOIN `pemilik_ternak` ON `pemilik_ternak`.`id_pemilik_ternak` = `vaksinasi`.`id_peternak`
JOIN `admin_kabupaten` ON `admin_kabupaten`.`id_kab` = `pemilik_ternak`.`id_kab`
WHERE `pemilik_ternak`.`id_kab` IS NULL')
 3 SYSTEMPATH\Database\BaseConnection.php(607): CodeIgniter\Database\BaseConnection->simpleQuery('SELECT `dokumentasi`.`id_dokumentasi`, `dokumentasi`.`id_jadwal`, `dokumentasi`.`foto`, `dokumentasi`.`text`, `jadwal_vaksin`.`tgl_pemberian`, `jadwal_vaksin`.`id_vaksin`, `vaksinasi`.`id_peternak`, `vaksinasi`.`jumlah_dosis`, `vaksinasi`.`jenis`, `pemilik_ternak`.`id_kab`, `pemilik_ternak`.`nama_pemilik`, `pemilik_ternak`.`alamat`, `pemilik_ternak`.`no_hp`, `admin_kabupaten`.`nama_kabupaten`
FROM `dokumentasi`
LEFT JOIN `jadwal_vaksin` ON `jadwal_vaksin`.`id_jadwal` = `dokumentasi`.`id_jadwal`
LEFT JOIN `vaksinasi` ON `vaksinasi`.`id_vaksinasi` = `jadwal_vaksis`.`id_vaksin`
LEFT JOIN `pemilik_ternak` ON `pemilik_ternak`.`id_pemilik_ternak` = `vaksinasi`.`id_peternak`
JOIN `admin_kabupaten` ON `admin_kabupaten`.`id_kab` = `pemilik_ternak`.`id_kab`
WHERE `pemilik_ternak`.`id_kab` IS NULL')
 4 SYSTEMPATH\Database\BaseBuilder.php(1616): CodeIgniter\Database\BaseConnection->query('SELECT `dokumentasi`.`id_dokumentasi`, `dokumentasi`.`id_jadwal`, `dokumentasi`.`foto`, `dokumentasi`.`text`, `jadwal_vaksin`.`tgl_pemberian`, `jadwal_vaksin`.`id_vaksin`, `vaksinasi`.`id_peternak`, `vaksinasi`.`jumlah_dosis`, `vaksinasi`.`jenis`, `pemilik_ternak`.`id_kab`, `pemilik_ternak`.`nama_pemilik`, `pemilik_ternak`.`alamat`, `pemilik_ternak`.`no_hp`, `admin_kabupaten`.`nama_kabupaten`
FROM `dokumentasi`
LEFT JOIN `jadwal_vaksin` ON `jadwal_vaksin`.`id_jadwal` = `dokumentasi`.`id_jadwal`
LEFT JOIN `vaksinasi` ON `vaksinasi`.`id_vaksinasi` = `jadwal_vaksis`.`id_vaksin`
LEFT JOIN `pemilik_ternak` ON `pemilik_ternak`.`id_pemilik_ternak` = `vaksinasi`.`id_peternak`
JOIN `admin_kabupaten` ON `admin_kabupaten`.`id_kab` = `pemilik_ternak`.`id_kab`
WHERE `pemilik_ternak`.`id_kab` IS NULL', [], false)
 5 SYSTEMPATH\Model.php(242): CodeIgniter\Database\BaseBuilder->get()
 6 SYSTEMPATH\BaseModel.php(638): CodeIgniter\Model->doFindAll(0, 0)
 7 APPPATH\Controllers\AdminProv.php(210): CodeIgniter\BaseModel->findAll()
 8 SYSTEMPATH\CodeIgniter.php(941): App\Controllers\AdminProv->laporan_detail()
 9 SYSTEMPATH\CodeIgniter.php(502): CodeIgniter\CodeIgniter->runController(Object(App\Controllers\AdminProv))
10 SYSTEMPATH\CodeIgniter.php(361): CodeIgniter\CodeIgniter->handleRequest(null, Object(Config\Cache), false)
11 FCPATH\index.php(79): CodeIgniter\CodeIgniter->run()
INFO - 2024-04-08 03:02:21 --> Session: Class initialized using 'CodeIgniter\Session\Handlers\FileHandler' driver.
INFO - 2024-04-08 03:02:32 --> Session: Class initialized using 'CodeIgniter\Session\Handlers\FileHandler' driver.
ERROR - 2024-04-08 03:02:32 --> mysqli_sql_exception: Unknown column 'jadwal_vaksis.id_vaksin' in 'on clause' in C:\xampp\htdocs\vaksinasi\system\Database\MySQLi\Connection.php:306
Stack trace:
#0 C:\xampp\htdocs\vaksinasi\system\Database\MySQLi\Connection.php(306): mysqli->query('SELECT `dokumen...', 0)
#1 C:\xampp\htdocs\vaksinasi\system\Database\BaseConnection.php(693): CodeIgniter\Database\MySQLi\Connection->execute('SELECT `dokumen...')
#2 C:\xampp\htdocs\vaksinasi\system\Database\BaseConnection.php(607): CodeIgniter\Database\BaseConnection->simpleQuery('SELECT `dokumen...')
#3 C:\xampp\htdocs\vaksinasi\system\Database\BaseBuilder.php(1616): CodeIgniter\Database\BaseConnection->query('SELECT `dokumen...', Array, false)
#4 C:\xampp\htdocs\vaksinasi\system\Model.php(242): CodeIgniter\Database\BaseBuilder->get()
#5 C:\xampp\htdocs\vaksinasi\system\BaseModel.php(638): CodeIgniter\Model->doFindAll(0, 0)
#6 C:\xampp\htdocs\vaksinasi\app\Controllers\AdminProv.php(210): CodeIgniter\BaseModel->findAll()
#7 C:\xampp\htdocs\vaksinasi\system\CodeIgniter.php(941): App\Controllers\AdminProv->laporan_detail()
#8 C:\xampp\htdocs\vaksinasi\system\CodeIgniter.php(502): CodeIgniter\CodeIgniter->runController(Object(App\Controllers\AdminProv))
#9 C:\xampp\htdocs\vaksinasi\system\CodeIgniter.php(361): CodeIgniter\CodeIgniter->handleRequest(NULL, Object(Config\Cache), false)
#10 C:\xampp\htdocs\vaksinasi\public\index.php(79): CodeIgniter\CodeIgniter->run()
#11 {main}
CRITICAL - 2024-04-08 03:02:32 --> CodeIgniter\Database\Exceptions\DatabaseException: Unknown column 'jadwal_vaksis.id_vaksin' in 'on clause'
in SYSTEMPATH\Database\BaseConnection.php on line 647.
 1 SYSTEMPATH\Database\BaseBuilder.php(1616): CodeIgniter\Database\BaseConnection->query('SELECT `dokumentasi`.`id_dokumentasi`, `dokumentasi`.`id_jadwal`, `dokumentasi`.`foto`, `dokumentasi`.`text`, `jadwal_vaksin`.`tgl_pemberian`, `jadwal_vaksin`.`id_vaksin`, `vaksinasi`.`id_peternak`, `vaksinasi`.`jumlah_dosis`, `vaksinasi`.`jenis`, `pemilik_ternak`.`id_kab`, `pemilik_ternak`.`nama_pemilik`, `pemilik_ternak`.`alamat`, `pemilik_ternak`.`no_hp`, `admin_kabupaten`.`nama_kabupaten`
FROM `dokumentasi`
LEFT JOIN `jadwal_vaksin` ON `jadwal_vaksin`.`id_jadwal` = `dokumentasi`.`id_jadwal`
LEFT JOIN `vaksinasi` ON `vaksinasi`.`id_vaksinasi` = `jadwal_vaksis`.`id_vaksin`
LEFT JOIN `pemilik_ternak` ON `pemilik_ternak`.`id_pemilik_ternak` = `vaksinasi`.`id_peternak`
JOIN `admin_kabupaten` ON `admin_kabupaten`.`id_kab` = `pemilik_ternak`.`id_kab`
WHERE `pemilik_ternak`.`id_kab` IS NULL', [], false)
 2 SYSTEMPATH\Model.php(242): CodeIgniter\Database\BaseBuilder->get()
 3 SYSTEMPATH\BaseModel.php(638): CodeIgniter\Model->doFindAll(0, 0)
 4 APPPATH\Controllers\AdminProv.php(210): CodeIgniter\BaseModel->findAll()
 5 SYSTEMPATH\CodeIgniter.php(941): App\Controllers\AdminProv->laporan_detail()
 6 SYSTEMPATH\CodeIgniter.php(502): CodeIgniter\CodeIgniter->runController(Object(App\Controllers\AdminProv))
 7 SYSTEMPATH\CodeIgniter.php(361): CodeIgniter\CodeIgniter->handleRequest(null, Object(Config\Cache), false)
 8 FCPATH\index.php(79): CodeIgniter\CodeIgniter->run()
CRITICAL - 2024-04-08 03:02:32 --> [Caused by] CodeIgniter\Database\Exceptions\DatabaseException: Unknown column 'jadwal_vaksis.id_vaksin' in 'on clause'
in SYSTEMPATH\Database\MySQLi\Connection.php on line 311.
 1 SYSTEMPATH\Database\BaseConnection.php(693): CodeIgniter\Database\MySQLi\Connection->execute('SELECT `dokumentasi`.`id_dokumentasi`, `dokumentasi`.`id_jadwal`, `dokumentasi`.`foto`, `dokumentasi`.`text`, `jadwal_vaksin`.`tgl_pemberian`, `jadwal_vaksin`.`id_vaksin`, `vaksinasi`.`id_peternak`, `vaksinasi`.`jumlah_dosis`, `vaksinasi`.`jenis`, `pemilik_ternak`.`id_kab`, `pemilik_ternak`.`nama_pemilik`, `pemilik_ternak`.`alamat`, `pemilik_ternak`.`no_hp`, `admin_kabupaten`.`nama_kabupaten`
FROM `dokumentasi`
LEFT JOIN `jadwal_vaksin` ON `jadwal_vaksin`.`id_jadwal` = `dokumentasi`.`id_jadwal`
LEFT JOIN `vaksinasi` ON `vaksinasi`.`id_vaksinasi` = `jadwal_vaksis`.`id_vaksin`
LEFT JOIN `pemilik_ternak` ON `pemilik_ternak`.`id_pemilik_ternak` = `vaksinasi`.`id_peternak`
JOIN `admin_kabupaten` ON `admin_kabupaten`.`id_kab` = `pemilik_ternak`.`id_kab`
WHERE `pemilik_ternak`.`id_kab` IS NULL')
 2 SYSTEMPATH\Database\BaseConnection.php(607): CodeIgniter\Database\BaseConnection->simpleQuery('SELECT `dokumentasi`.`id_dokumentasi`, `dokumentasi`.`id_jadwal`, `dokumentasi`.`foto`, `dokumentasi`.`text`, `jadwal_vaksin`.`tgl_pemberian`, `jadwal_vaksin`.`id_vaksin`, `vaksinasi`.`id_peternak`, `vaksinasi`.`jumlah_dosis`, `vaksinasi`.`jenis`, `pemilik_ternak`.`id_kab`, `pemilik_ternak`.`nama_pemilik`, `pemilik_ternak`.`alamat`, `pemilik_ternak`.`no_hp`, `admin_kabupaten`.`nama_kabupaten`
FROM `dokumentasi`
LEFT JOIN `jadwal_vaksin` ON `jadwal_vaksin`.`id_jadwal` = `dokumentasi`.`id_jadwal`
LEFT JOIN `vaksinasi` ON `vaksinasi`.`id_vaksinasi` = `jadwal_vaksis`.`id_vaksin`
LEFT JOIN `pemilik_ternak` ON `pemilik_ternak`.`id_pemilik_ternak` = `vaksinasi`.`id_peternak`
JOIN `admin_kabupaten` ON `admin_kabupaten`.`id_kab` = `pemilik_ternak`.`id_kab`
WHERE `pemilik_ternak`.`id_kab` IS NULL')
 3 SYSTEMPATH\Database\BaseBuilder.php(1616): CodeIgniter\Database\BaseConnection->query('SELECT `dokumentasi`.`id_dokumentasi`, `dokumentasi`.`id_jadwal`, `dokumentasi`.`foto`, `dokumentasi`.`text`, `jadwal_vaksin`.`tgl_pemberian`, `jadwal_vaksin`.`id_vaksin`, `vaksinasi`.`id_peternak`, `vaksinasi`.`jumlah_dosis`, `vaksinasi`.`jenis`, `pemilik_ternak`.`id_kab`, `pemilik_ternak`.`nama_pemilik`, `pemilik_ternak`.`alamat`, `pemilik_ternak`.`no_hp`, `admin_kabupaten`.`nama_kabupaten`
FROM `dokumentasi`
LEFT JOIN `jadwal_vaksin` ON `jadwal_vaksin`.`id_jadwal` = `dokumentasi`.`id_jadwal`
LEFT JOIN `vaksinasi` ON `vaksinasi`.`id_vaksinasi` = `jadwal_vaksis`.`id_vaksin`
LEFT JOIN `pemilik_ternak` ON `pemilik_ternak`.`id_pemilik_ternak` = `vaksinasi`.`id_peternak`
JOIN `admin_kabupaten` ON `admin_kabupaten`.`id_kab` = `pemilik_ternak`.`id_kab`
WHERE `pemilik_ternak`.`id_kab` IS NULL', [], false)
 4 SYSTEMPATH\Model.php(242): CodeIgniter\Database\BaseBuilder->get()
 5 SYSTEMPATH\BaseModel.php(638): CodeIgniter\Model->doFindAll(0, 0)
 6 APPPATH\Controllers\AdminProv.php(210): CodeIgniter\BaseModel->findAll()
 7 SYSTEMPATH\CodeIgniter.php(941): App\Controllers\AdminProv->laporan_detail()
 8 SYSTEMPATH\CodeIgniter.php(502): CodeIgniter\CodeIgniter->runController(Object(App\Controllers\AdminProv))
 9 SYSTEMPATH\CodeIgniter.php(361): CodeIgniter\CodeIgniter->handleRequest(null, Object(Config\Cache), false)
10 FCPATH\index.php(79): CodeIgniter\CodeIgniter->run()
CRITICAL - 2024-04-08 03:02:32 --> [Caused by] mysqli_sql_exception: Unknown column 'jadwal_vaksis.id_vaksin' in 'on clause'
in SYSTEMPATH\Database\MySQLi\Connection.php on line 306.
 1 SYSTEMPATH\Database\MySQLi\Connection.php(306): mysqli->query('SELECT `dokumentasi`.`id_dokumentasi`, `dokumentasi`.`id_jadwal`, `dokumentasi`.`foto`, `dokumentasi`.`text`, `jadwal_vaksin`.`tgl_pemberian`, `jadwal_vaksin`.`id_vaksin`, `vaksinasi`.`id_peternak`, `vaksinasi`.`jumlah_dosis`, `vaksinasi`.`jenis`, `pemilik_ternak`.`id_kab`, `pemilik_ternak`.`nama_pemilik`, `pemilik_ternak`.`alamat`, `pemilik_ternak`.`no_hp`, `admin_kabupaten`.`nama_kabupaten`
FROM `dokumentasi`
LEFT JOIN `jadwal_vaksin` ON `jadwal_vaksin`.`id_jadwal` = `dokumentasi`.`id_jadwal`
LEFT JOIN `vaksinasi` ON `vaksinasi`.`id_vaksinasi` = `jadwal_vaksis`.`id_vaksin`
LEFT JOIN `pemilik_ternak` ON `pemilik_ternak`.`id_pemilik_ternak` = `vaksinasi`.`id_peternak`
JOIN `admin_kabupaten` ON `admin_kabupaten`.`id_kab` = `pemilik_ternak`.`id_kab`
WHERE `pemilik_ternak`.`id_kab` IS NULL', 0)
 2 SYSTEMPATH\Database\BaseConnection.php(693): CodeIgniter\Database\MySQLi\Connection->execute('SELECT `dokumentasi`.`id_dokumentasi`, `dokumentasi`.`id_jadwal`, `dokumentasi`.`foto`, `dokumentasi`.`text`, `jadwal_vaksin`.`tgl_pemberian`, `jadwal_vaksin`.`id_vaksin`, `vaksinasi`.`id_peternak`, `vaksinasi`.`jumlah_dosis`, `vaksinasi`.`jenis`, `pemilik_ternak`.`id_kab`, `pemilik_ternak`.`nama_pemilik`, `pemilik_ternak`.`alamat`, `pemilik_ternak`.`no_hp`, `admin_kabupaten`.`nama_kabupaten`
FROM `dokumentasi`
LEFT JOIN `jadwal_vaksin` ON `jadwal_vaksin`.`id_jadwal` = `dokumentasi`.`id_jadwal`
LEFT JOIN `vaksinasi` ON `vaksinasi`.`id_vaksinasi` = `jadwal_vaksis`.`id_vaksin`
LEFT JOIN `pemilik_ternak` ON `pemilik_ternak`.`id_pemilik_ternak` = `vaksinasi`.`id_peternak`
JOIN `admin_kabupaten` ON `admin_kabupaten`.`id_kab` = `pemilik_ternak`.`id_kab`
WHERE `pemilik_ternak`.`id_kab` IS NULL')
 3 SYSTEMPATH\Database\BaseConnection.php(607): CodeIgniter\Database\BaseConnection->simpleQuery('SELECT `dokumentasi`.`id_dokumentasi`, `dokumentasi`.`id_jadwal`, `dokumentasi`.`foto`, `dokumentasi`.`text`, `jadwal_vaksin`.`tgl_pemberian`, `jadwal_vaksin`.`id_vaksin`, `vaksinasi`.`id_peternak`, `vaksinasi`.`jumlah_dosis`, `vaksinasi`.`jenis`, `pemilik_ternak`.`id_kab`, `pemilik_ternak`.`nama_pemilik`, `pemilik_ternak`.`alamat`, `pemilik_ternak`.`no_hp`, `admin_kabupaten`.`nama_kabupaten`
FROM `dokumentasi`
LEFT JOIN `jadwal_vaksin` ON `jadwal_vaksin`.`id_jadwal` = `dokumentasi`.`id_jadwal`
LEFT JOIN `vaksinasi` ON `vaksinasi`.`id_vaksinasi` = `jadwal_vaksis`.`id_vaksin`
LEFT JOIN `pemilik_ternak` ON `pemilik_ternak`.`id_pemilik_ternak` = `vaksinasi`.`id_peternak`
JOIN `admin_kabupaten` ON `admin_kabupaten`.`id_kab` = `pemilik_ternak`.`id_kab`
WHERE `pemilik_ternak`.`id_kab` IS NULL')
 4 SYSTEMPATH\Database\BaseBuilder.php(1616): CodeIgniter\Database\BaseConnection->query('SELECT `dokumentasi`.`id_dokumentasi`, `dokumentasi`.`id_jadwal`, `dokumentasi`.`foto`, `dokumentasi`.`text`, `jadwal_vaksin`.`tgl_pemberian`, `jadwal_vaksin`.`id_vaksin`, `vaksinasi`.`id_peternak`, `vaksinasi`.`jumlah_dosis`, `vaksinasi`.`jenis`, `pemilik_ternak`.`id_kab`, `pemilik_ternak`.`nama_pemilik`, `pemilik_ternak`.`alamat`, `pemilik_ternak`.`no_hp`, `admin_kabupaten`.`nama_kabupaten`
FROM `dokumentasi`
LEFT JOIN `jadwal_vaksin` ON `jadwal_vaksin`.`id_jadwal` = `dokumentasi`.`id_jadwal`
LEFT JOIN `vaksinasi` ON `vaksinasi`.`id_vaksinasi` = `jadwal_vaksis`.`id_vaksin`
LEFT JOIN `pemilik_ternak` ON `pemilik_ternak`.`id_pemilik_ternak` = `vaksinasi`.`id_peternak`
JOIN `admin_kabupaten` ON `admin_kabupaten`.`id_kab` = `pemilik_ternak`.`id_kab`
WHERE `pemilik_ternak`.`id_kab` IS NULL', [], false)
 5 SYSTEMPATH\Model.php(242): CodeIgniter\Database\BaseBuilder->get()
 6 SYSTEMPATH\BaseModel.php(638): CodeIgniter\Model->doFindAll(0, 0)
 7 APPPATH\Controllers\AdminProv.php(210): CodeIgniter\BaseModel->findAll()
 8 SYSTEMPATH\CodeIgniter.php(941): App\Controllers\AdminProv->laporan_detail()
 9 SYSTEMPATH\CodeIgniter.php(502): CodeIgniter\CodeIgniter->runController(Object(App\Controllers\AdminProv))
10 SYSTEMPATH\CodeIgniter.php(361): CodeIgniter\CodeIgniter->handleRequest(null, Object(Config\Cache), false)
11 FCPATH\index.php(79): CodeIgniter\CodeIgniter->run()
INFO - 2024-04-08 03:28:01 --> Session: Class initialized using 'CodeIgniter\Session\Handlers\FileHandler' driver.
INFO - 2024-04-08 03:28:12 --> Session: Class initialized using 'CodeIgniter\Session\Handlers\FileHandler' driver.
INFO - 2024-04-08 03:29:53 --> Session: Class initialized using 'CodeIgniter\Session\Handlers\FileHandler' driver.
INFO - 2024-04-08 03:29:57 --> Session: Class initialized using 'CodeIgniter\Session\Handlers\FileHandler' driver.
INFO - 2024-04-08 03:30:26 --> Session: Class initialized using 'CodeIgniter\Session\Handlers\FileHandler' driver.
INFO - 2024-04-08 03:30:34 --> Session: Class initialized using 'CodeIgniter\Session\Handlers\FileHandler' driver.
INFO - 2024-04-08 03:31:46 --> Session: Class initialized using 'CodeIgniter\Session\Handlers\FileHandler' driver.
INFO - 2024-04-08 03:31:51 --> Session: Class initialized using 'CodeIgniter\Session\Handlers\FileHandler' driver.
INFO - 2024-04-08 03:31:56 --> Session: Class initialized using 'CodeIgniter\Session\Handlers\FileHandler' driver.
INFO - 2024-04-08 03:32:02 --> Session: Class initialized using 'CodeIgniter\Session\Handlers\FileHandler' driver.
INFO - 2024-04-08 03:33:16 --> Session: Class initialized using 'CodeIgniter\Session\Handlers\FileHandler' driver.
INFO - 2024-04-08 03:33:23 --> Session: Class initialized using 'CodeIgniter\Session\Handlers\FileHandler' driver.
INFO - 2024-04-08 03:34:55 --> Session: Class initialized using 'CodeIgniter\Session\Handlers\FileHandler' driver.
INFO - 2024-04-08 03:35:02 --> Session: Class initialized using 'CodeIgniter\Session\Handlers\FileHandler' driver.
INFO - 2024-04-08 03:37:21 --> Session: Class initialized using 'CodeIgniter\Session\Handlers\FileHandler' driver.
INFO - 2024-04-08 03:37:27 --> Session: Class initialized using 'CodeIgniter\Session\Handlers\FileHandler' driver.
INFO - 2024-04-08 03:37:53 --> Session: Class initialized using 'CodeIgniter\Session\Handlers\FileHandler' driver.
INFO - 2024-04-08 03:38:01 --> Session: Class initialized using 'CodeIgniter\Session\Handlers\FileHandler' driver.
ERROR - 2024-04-08 03:38:01 --> mysqli_sql_exception: Unknown column 'jadwal_vaksis.id_vaksin' in 'on clause' in C:\xampp\htdocs\vaksinasi\system\Database\MySQLi\Connection.php:306
Stack trace:
#0 C:\xampp\htdocs\vaksinasi\system\Database\MySQLi\Connection.php(306): mysqli->query('SELECT `dokumen...', 0)
#1 C:\xampp\htdocs\vaksinasi\system\Database\BaseConnection.php(693): CodeIgniter\Database\MySQLi\Connection->execute('SELECT `dokumen...')
#2 C:\xampp\htdocs\vaksinasi\system\Database\BaseConnection.php(607): CodeIgniter\Database\BaseConnection->simpleQuery('SELECT `dokumen...')
#3 C:\xampp\htdocs\vaksinasi\system\Database\BaseBuilder.php(1616): CodeIgniter\Database\BaseConnection->query('SELECT `dokumen...', Array, false)
#4 C:\xampp\htdocs\vaksinasi\system\Model.php(242): CodeIgniter\Database\BaseBuilder->get()
#5 C:\xampp\htdocs\vaksinasi\system\BaseModel.php(638): CodeIgniter\Model->doFindAll(0, 0)
#6 C:\xampp\htdocs\vaksinasi\app\Controllers\AdminProv.php(211): CodeIgniter\BaseModel->findAll()
#7 C:\xampp\htdocs\vaksinasi\system\CodeIgniter.php(941): App\Controllers\AdminProv->laporan_detail()
#8 C:\xampp\htdocs\vaksinasi\system\CodeIgniter.php(502): CodeIgniter\CodeIgniter->runController(Object(App\Controllers\AdminProv))
#9 C:\xampp\htdocs\vaksinasi\system\CodeIgniter.php(361): CodeIgniter\CodeIgniter->handleRequest(NULL, Object(Config\Cache), false)
#10 C:\xampp\htdocs\vaksinasi\public\index.php(79): CodeIgniter\CodeIgniter->run()
#11 {main}
CRITICAL - 2024-04-08 03:38:01 --> CodeIgniter\Database\Exceptions\DatabaseException: Unknown column 'jadwal_vaksis.id_vaksin' in 'on clause'
in SYSTEMPATH\Database\BaseConnection.php on line 647.
 1 SYSTEMPATH\Database\BaseBuilder.php(1616): CodeIgniter\Database\BaseConnection->query('SELECT `dokumentasi`.`id_dokumentasi`, `dokumentasi`.`id_jadwal`, `dokumentasi`.`foto`, `dokumentasi`.`text`, `jadwal_vaksin`.`tgl_pemberian`, `jadwal_vaksin`.`id_vaksin`, `vaksinasi`.`id_peternak`, `vaksinasi`.`jumlah_dosis`, `vaksinasi`.`jenis`, `pemilik_ternak`.`id_kab`, `pemilik_ternak`.`nama_pemilik`, `pemilik_ternak`.`alamat`, `pemilik_ternak`.`no_hp`, `admin_kabupaten`.`nama_kabupaten`
FROM `dokumentasi`
LEFT JOIN `jadwal_vaksin` ON `jadwal_vaksin`.`id_jadwal` = `dokumentasi`.`id_jadwal`
LEFT JOIN `vaksinasi` ON `vaksinasi`.`id_vaksinasi` = `jadwal_vaksis`.`id_vaksin`
LEFT JOIN `pemilik_ternak` ON `pemilik_ternak`.`id_pemilik_ternak` = `vaksinasi`.`id_peternak`
LEFT JOIN `admin_kabupaten` ON `admin_kabupaten`.`id_kab` = `pemilik_ternak`.`id_kab`
WHERE `pemilik_ternak`.`id_kab` = :pemilik_ternak.id_kab:', [...], false)
 2 SYSTEMPATH\Model.php(242): CodeIgniter\Database\BaseBuilder->get()
 3 SYSTEMPATH\BaseModel.php(638): CodeIgniter\Model->doFindAll(0, 0)
 4 APPPATH\Controllers\AdminProv.php(211): CodeIgniter\BaseModel->findAll()
 5 SYSTEMPATH\CodeIgniter.php(941): App\Controllers\AdminProv->laporan_detail()
 6 SYSTEMPATH\CodeIgniter.php(502): CodeIgniter\CodeIgniter->runController(Object(App\Controllers\AdminProv))
 7 SYSTEMPATH\CodeIgniter.php(361): CodeIgniter\CodeIgniter->handleRequest(null, Object(Config\Cache), false)
 8 FCPATH\index.php(79): CodeIgniter\CodeIgniter->run()
CRITICAL - 2024-04-08 03:38:01 --> [Caused by] CodeIgniter\Database\Exceptions\DatabaseException: Unknown column 'jadwal_vaksis.id_vaksin' in 'on clause'
in SYSTEMPATH\Database\MySQLi\Connection.php on line 311.
 1 SYSTEMPATH\Database\BaseConnection.php(693): CodeIgniter\Database\MySQLi\Connection->execute('SELECT `dokumentasi`.`id_dokumentasi`, `dokumentasi`.`id_jadwal`, `dokumentasi`.`foto`, `dokumentasi`.`text`, `jadwal_vaksin`.`tgl_pemberian`, `jadwal_vaksin`.`id_vaksin`, `vaksinasi`.`id_peternak`, `vaksinasi`.`jumlah_dosis`, `vaksinasi`.`jenis`, `pemilik_ternak`.`id_kab`, `pemilik_ternak`.`nama_pemilik`, `pemilik_ternak`.`alamat`, `pemilik_ternak`.`no_hp`, `admin_kabupaten`.`nama_kabupaten`
FROM `dokumentasi`
LEFT JOIN `jadwal_vaksin` ON `jadwal_vaksin`.`id_jadwal` = `dokumentasi`.`id_jadwal`
LEFT JOIN `vaksinasi` ON `vaksinasi`.`id_vaksinasi` = `jadwal_vaksis`.`id_vaksin`
LEFT JOIN `pemilik_ternak` ON `pemilik_ternak`.`id_pemilik_ternak` = `vaksinasi`.`id_peternak`
LEFT JOIN `admin_kabupaten` ON `admin_kabupaten`.`id_kab` = `pemilik_ternak`.`id_kab`
WHERE `pemilik_ternak`.`id_kab` = \'9107\'')
 2 SYSTEMPATH\Database\BaseConnection.php(607): CodeIgniter\Database\BaseConnection->simpleQuery('SELECT `dokumentasi`.`id_dokumentasi`, `dokumentasi`.`id_jadwal`, `dokumentasi`.`foto`, `dokumentasi`.`text`, `jadwal_vaksin`.`tgl_pemberian`, `jadwal_vaksin`.`id_vaksin`, `vaksinasi`.`id_peternak`, `vaksinasi`.`jumlah_dosis`, `vaksinasi`.`jenis`, `pemilik_ternak`.`id_kab`, `pemilik_ternak`.`nama_pemilik`, `pemilik_ternak`.`alamat`, `pemilik_ternak`.`no_hp`, `admin_kabupaten`.`nama_kabupaten`
FROM `dokumentasi`
LEFT JOIN `jadwal_vaksin` ON `jadwal_vaksin`.`id_jadwal` = `dokumentasi`.`id_jadwal`
LEFT JOIN `vaksinasi` ON `vaksinasi`.`id_vaksinasi` = `jadwal_vaksis`.`id_vaksin`
LEFT JOIN `pemilik_ternak` ON `pemilik_ternak`.`id_pemilik_ternak` = `vaksinasi`.`id_peternak`
LEFT JOIN `admin_kabupaten` ON `admin_kabupaten`.`id_kab` = `pemilik_ternak`.`id_kab`
WHERE `pemilik_ternak`.`id_kab` = \'9107\'')
 3 SYSTEMPATH\Database\BaseBuilder.php(1616): CodeIgniter\Database\BaseConnection->query('SELECT `dokumentasi`.`id_dokumentasi`, `dokumentasi`.`id_jadwal`, `dokumentasi`.`foto`, `dokumentasi`.`text`, `jadwal_vaksin`.`tgl_pemberian`, `jadwal_vaksin`.`id_vaksin`, `vaksinasi`.`id_peternak`, `vaksinasi`.`jumlah_dosis`, `vaksinasi`.`jenis`, `pemilik_ternak`.`id_kab`, `pemilik_ternak`.`nama_pemilik`, `pemilik_ternak`.`alamat`, `pemilik_ternak`.`no_hp`, `admin_kabupaten`.`nama_kabupaten`
FROM `dokumentasi`
LEFT JOIN `jadwal_vaksin` ON `jadwal_vaksin`.`id_jadwal` = `dokumentasi`.`id_jadwal`
LEFT JOIN `vaksinasi` ON `vaksinasi`.`id_vaksinasi` = `jadwal_vaksis`.`id_vaksin`
LEFT JOIN `pemilik_ternak` ON `pemilik_ternak`.`id_pemilik_ternak` = `vaksinasi`.`id_peternak`
LEFT JOIN `admin_kabupaten` ON `admin_kabupaten`.`id_kab` = `pemilik_ternak`.`id_kab`
WHERE `pemilik_ternak`.`id_kab` = :pemilik_ternak.id_kab:', [...], false)
 4 SYSTEMPATH\Model.php(242): CodeIgniter\Database\BaseBuilder->get()
 5 SYSTEMPATH\BaseModel.php(638): CodeIgniter\Model->doFindAll(0, 0)
 6 APPPATH\Controllers\AdminProv.php(211): CodeIgniter\BaseModel->findAll()
 7 SYSTEMPATH\CodeIgniter.php(941): App\Controllers\AdminProv->laporan_detail()
 8 SYSTEMPATH\CodeIgniter.php(502): CodeIgniter\CodeIgniter->runController(Object(App\Controllers\AdminProv))
 9 SYSTEMPATH\CodeIgniter.php(361): CodeIgniter\CodeIgniter->handleRequest(null, Object(Config\Cache), false)
10 FCPATH\index.php(79): CodeIgniter\CodeIgniter->run()
CRITICAL - 2024-04-08 03:38:01 --> [Caused by] mysqli_sql_exception: Unknown column 'jadwal_vaksis.id_vaksin' in 'on clause'
in SYSTEMPATH\Database\MySQLi\Connection.php on line 306.
 1 SYSTEMPATH\Database\MySQLi\Connection.php(306): mysqli->query('SELECT `dokumentasi`.`id_dokumentasi`, `dokumentasi`.`id_jadwal`, `dokumentasi`.`foto`, `dokumentasi`.`text`, `jadwal_vaksin`.`tgl_pemberian`, `jadwal_vaksin`.`id_vaksin`, `vaksinasi`.`id_peternak`, `vaksinasi`.`jumlah_dosis`, `vaksinasi`.`jenis`, `pemilik_ternak`.`id_kab`, `pemilik_ternak`.`nama_pemilik`, `pemilik_ternak`.`alamat`, `pemilik_ternak`.`no_hp`, `admin_kabupaten`.`nama_kabupaten`
FROM `dokumentasi`
LEFT JOIN `jadwal_vaksin` ON `jadwal_vaksin`.`id_jadwal` = `dokumentasi`.`id_jadwal`
LEFT JOIN `vaksinasi` ON `vaksinasi`.`id_vaksinasi` = `jadwal_vaksis`.`id_vaksin`
LEFT JOIN `pemilik_ternak` ON `pemilik_ternak`.`id_pemilik_ternak` = `vaksinasi`.`id_peternak`
LEFT JOIN `admin_kabupaten` ON `admin_kabupaten`.`id_kab` = `pemilik_ternak`.`id_kab`
WHERE `pemilik_ternak`.`id_kab` = \'9107\'', 0)
 2 SYSTEMPATH\Database\BaseConnection.php(693): CodeIgniter\Database\MySQLi\Connection->execute('SELECT `dokumentasi`.`id_dokumentasi`, `dokumentasi`.`id_jadwal`, `dokumentasi`.`foto`, `dokumentasi`.`text`, `jadwal_vaksin`.`tgl_pemberian`, `jadwal_vaksin`.`id_vaksin`, `vaksinasi`.`id_peternak`, `vaksinasi`.`jumlah_dosis`, `vaksinasi`.`jenis`, `pemilik_ternak`.`id_kab`, `pemilik_ternak`.`nama_pemilik`, `pemilik_ternak`.`alamat`, `pemilik_ternak`.`no_hp`, `admin_kabupaten`.`nama_kabupaten`
FROM `dokumentasi`
LEFT JOIN `jadwal_vaksin` ON `jadwal_vaksin`.`id_jadwal` = `dokumentasi`.`id_jadwal`
LEFT JOIN `vaksinasi` ON `vaksinasi`.`id_vaksinasi` = `jadwal_vaksis`.`id_vaksin`
LEFT JOIN `pemilik_ternak` ON `pemilik_ternak`.`id_pemilik_ternak` = `vaksinasi`.`id_peternak`
LEFT JOIN `admin_kabupaten` ON `admin_kabupaten`.`id_kab` = `pemilik_ternak`.`id_kab`
WHERE `pemilik_ternak`.`id_kab` = \'9107\'')
 3 SYSTEMPATH\Database\BaseConnection.php(607): CodeIgniter\Database\BaseConnection->simpleQuery('SELECT `dokumentasi`.`id_dokumentasi`, `dokumentasi`.`id_jadwal`, `dokumentasi`.`foto`, `dokumentasi`.`text`, `jadwal_vaksin`.`tgl_pemberian`, `jadwal_vaksin`.`id_vaksin`, `vaksinasi`.`id_peternak`, `vaksinasi`.`jumlah_dosis`, `vaksinasi`.`jenis`, `pemilik_ternak`.`id_kab`, `pemilik_ternak`.`nama_pemilik`, `pemilik_ternak`.`alamat`, `pemilik_ternak`.`no_hp`, `admin_kabupaten`.`nama_kabupaten`
FROM `dokumentasi`
LEFT JOIN `jadwal_vaksin` ON `jadwal_vaksin`.`id_jadwal` = `dokumentasi`.`id_jadwal`
LEFT JOIN `vaksinasi` ON `vaksinasi`.`id_vaksinasi` = `jadwal_vaksis`.`id_vaksin`
LEFT JOIN `pemilik_ternak` ON `pemilik_ternak`.`id_pemilik_ternak` = `vaksinasi`.`id_peternak`
LEFT JOIN `admin_kabupaten` ON `admin_kabupaten`.`id_kab` = `pemilik_ternak`.`id_kab`
WHERE `pemilik_ternak`.`id_kab` = \'9107\'')
 4 SYSTEMPATH\Database\BaseBuilder.php(1616): CodeIgniter\Database\BaseConnection->query('SELECT `dokumentasi`.`id_dokumentasi`, `dokumentasi`.`id_jadwal`, `dokumentasi`.`foto`, `dokumentasi`.`text`, `jadwal_vaksin`.`tgl_pemberian`, `jadwal_vaksin`.`id_vaksin`, `vaksinasi`.`id_peternak`, `vaksinasi`.`jumlah_dosis`, `vaksinasi`.`jenis`, `pemilik_ternak`.`id_kab`, `pemilik_ternak`.`nama_pemilik`, `pemilik_ternak`.`alamat`, `pemilik_ternak`.`no_hp`, `admin_kabupaten`.`nama_kabupaten`
FROM `dokumentasi`
LEFT JOIN `jadwal_vaksin` ON `jadwal_vaksin`.`id_jadwal` = `dokumentasi`.`id_jadwal`
LEFT JOIN `vaksinasi` ON `vaksinasi`.`id_vaksinasi` = `jadwal_vaksis`.`id_vaksin`
LEFT JOIN `pemilik_ternak` ON `pemilik_ternak`.`id_pemilik_ternak` = `vaksinasi`.`id_peternak`
LEFT JOIN `admin_kabupaten` ON `admin_kabupaten`.`id_kab` = `pemilik_ternak`.`id_kab`
WHERE `pemilik_ternak`.`id_kab` = :pemilik_ternak.id_kab:', [...], false)
 5 SYSTEMPATH\Model.php(242): CodeIgniter\Database\BaseBuilder->get()
 6 SYSTEMPATH\BaseModel.php(638): CodeIgniter\Model->doFindAll(0, 0)
 7 APPPATH\Controllers\AdminProv.php(211): CodeIgniter\BaseModel->findAll()
 8 SYSTEMPATH\CodeIgniter.php(941): App\Controllers\AdminProv->laporan_detail()
 9 SYSTEMPATH\CodeIgniter.php(502): CodeIgniter\CodeIgniter->runController(Object(App\Controllers\AdminProv))
10 SYSTEMPATH\CodeIgniter.php(361): CodeIgniter\CodeIgniter->handleRequest(null, Object(Config\Cache), false)
11 FCPATH\index.php(79): CodeIgniter\CodeIgniter->run()
INFO - 2024-04-08 03:38:12 --> Session: Class initialized using 'CodeIgniter\Session\Handlers\FileHandler' driver.
INFO - 2024-04-08 03:38:16 --> Session: Class initialized using 'CodeIgniter\Session\Handlers\FileHandler' driver.
ERROR - 2024-04-08 03:38:16 --> mysqli_sql_exception: Unknown column 'jadwal_vaksis.id_vaksin' in 'on clause' in C:\xampp\htdocs\vaksinasi\system\Database\MySQLi\Connection.php:306
Stack trace:
#0 C:\xampp\htdocs\vaksinasi\system\Database\MySQLi\Connection.php(306): mysqli->query('SELECT `dokumen...', 0)
#1 C:\xampp\htdocs\vaksinasi\system\Database\BaseConnection.php(693): CodeIgniter\Database\MySQLi\Connection->execute('SELECT `dokumen...')
#2 C:\xampp\htdocs\vaksinasi\system\Database\BaseConnection.php(607): CodeIgniter\Database\BaseConnection->simpleQuery('SELECT `dokumen...')
#3 C:\xampp\htdocs\vaksinasi\system\Database\BaseBuilder.php(1616): CodeIgniter\Database\BaseConnection->query('SELECT `dokumen...', Array, false)
#4 C:\xampp\htdocs\vaksinasi\system\Model.php(242): CodeIgniter\Database\BaseBuilder->get()
#5 C:\xampp\htdocs\vaksinasi\system\BaseModel.php(638): CodeIgniter\Model->doFindAll(0, 0)
#6 C:\xampp\htdocs\vaksinasi\app\Controllers\AdminProv.php(211): CodeIgniter\BaseModel->findAll()
#7 C:\xampp\htdocs\vaksinasi\system\CodeIgniter.php(941): App\Controllers\AdminProv->laporan_detail()
#8 C:\xampp\htdocs\vaksinasi\system\CodeIgniter.php(502): CodeIgniter\CodeIgniter->runController(Object(App\Controllers\AdminProv))
#9 C:\xampp\htdocs\vaksinasi\system\CodeIgniter.php(361): CodeIgniter\CodeIgniter->handleRequest(NULL, Object(Config\Cache), false)
#10 C:\xampp\htdocs\vaksinasi\public\index.php(79): CodeIgniter\CodeIgniter->run()
#11 {main}
CRITICAL - 2024-04-08 03:38:16 --> CodeIgniter\Database\Exceptions\DatabaseException: Unknown column 'jadwal_vaksis.id_vaksin' in 'on clause'
in SYSTEMPATH\Database\BaseConnection.php on line 647.
 1 SYSTEMPATH\Database\BaseBuilder.php(1616): CodeIgniter\Database\BaseConnection->query('SELECT `dokumentasi`.`id_dokumentasi`, `dokumentasi`.`id_jadwal`, `dokumentasi`.`foto`, `dokumentasi`.`text`, `jadwal_vaksin`.`tgl_pemberian`, `jadwal_vaksin`.`id_vaksin`, `vaksinasi`.`id_peternak`, `vaksinasi`.`jumlah_dosis`, `vaksinasi`.`jenis`, `pemilik_ternak`.`id_kab`, `pemilik_ternak`.`nama_pemilik`, `pemilik_ternak`.`alamat`, `pemilik_ternak`.`no_hp`, `admin_kabupaten`.`nama_kabupaten`
FROM `dokumentasi`
LEFT JOIN `jadwal_vaksin` ON `jadwal_vaksin`.`id_jadwal` = `dokumentasi`.`id_jadwal`
LEFT JOIN `vaksinasi` ON `vaksinasi`.`id_vaksinasi` = `jadwal_vaksis`.`id_vaksin`
LEFT JOIN `pemilik_ternak` ON `pemilik_ternak`.`id_pemilik_ternak` = `vaksinasi`.`id_peternak`
LEFT JOIN `admin_kabupaten` ON `admin_kabupaten`.`id_kab` = `pemilik_ternak`.`id_kab`
WHERE `pemilik_ternak`.`id_kab` = :pemilik_ternak.id_kab:', [...], false)
 2 SYSTEMPATH\Model.php(242): CodeIgniter\Database\BaseBuilder->get()
 3 SYSTEMPATH\BaseModel.php(638): CodeIgniter\Model->doFindAll(0, 0)
 4 APPPATH\Controllers\AdminProv.php(211): CodeIgniter\BaseModel->findAll()
 5 SYSTEMPATH\CodeIgniter.php(941): App\Controllers\AdminProv->laporan_detail()
 6 SYSTEMPATH\CodeIgniter.php(502): CodeIgniter\CodeIgniter->runController(Object(App\Controllers\AdminProv))
 7 SYSTEMPATH\CodeIgniter.php(361): CodeIgniter\CodeIgniter->handleRequest(null, Object(Config\Cache), false)
 8 FCPATH\index.php(79): CodeIgniter\CodeIgniter->run()
CRITICAL - 2024-04-08 03:38:16 --> [Caused by] CodeIgniter\Database\Exceptions\DatabaseException: Unknown column 'jadwal_vaksis.id_vaksin' in 'on clause'
in SYSTEMPATH\Database\MySQLi\Connection.php on line 311.
 1 SYSTEMPATH\Database\BaseConnection.php(693): CodeIgniter\Database\MySQLi\Connection->execute('SELECT `dokumentasi`.`id_dokumentasi`, `dokumentasi`.`id_jadwal`, `dokumentasi`.`foto`, `dokumentasi`.`text`, `jadwal_vaksin`.`tgl_pemberian`, `jadwal_vaksin`.`id_vaksin`, `vaksinasi`.`id_peternak`, `vaksinasi`.`jumlah_dosis`, `vaksinasi`.`jenis`, `pemilik_ternak`.`id_kab`, `pemilik_ternak`.`nama_pemilik`, `pemilik_ternak`.`alamat`, `pemilik_ternak`.`no_hp`, `admin_kabupaten`.`nama_kabupaten`
FROM `dokumentasi`
LEFT JOIN `jadwal_vaksin` ON `jadwal_vaksin`.`id_jadwal` = `dokumentasi`.`id_jadwal`
LEFT JOIN `vaksinasi` ON `vaksinasi`.`id_vaksinasi` = `jadwal_vaksis`.`id_vaksin`
LEFT JOIN `pemilik_ternak` ON `pemilik_ternak`.`id_pemilik_ternak` = `vaksinasi`.`id_peternak`
LEFT JOIN `admin_kabupaten` ON `admin_kabupaten`.`id_kab` = `pemilik_ternak`.`id_kab`
WHERE `pemilik_ternak`.`id_kab` = \'9107\'')
 2 SYSTEMPATH\Database\BaseConnection.php(607): CodeIgniter\Database\BaseConnection->simpleQuery('SELECT `dokumentasi`.`id_dokumentasi`, `dokumentasi`.`id_jadwal`, `dokumentasi`.`foto`, `dokumentasi`.`text`, `jadwal_vaksin`.`tgl_pemberian`, `jadwal_vaksin`.`id_vaksin`, `vaksinasi`.`id_peternak`, `vaksinasi`.`jumlah_dosis`, `vaksinasi`.`jenis`, `pemilik_ternak`.`id_kab`, `pemilik_ternak`.`nama_pemilik`, `pemilik_ternak`.`alamat`, `pemilik_ternak`.`no_hp`, `admin_kabupaten`.`nama_kabupaten`
FROM `dokumentasi`
LEFT JOIN `jadwal_vaksin` ON `jadwal_vaksin`.`id_jadwal` = `dokumentasi`.`id_jadwal`
LEFT JOIN `vaksinasi` ON `vaksinasi`.`id_vaksinasi` = `jadwal_vaksis`.`id_vaksin`
LEFT JOIN `pemilik_ternak` ON `pemilik_ternak`.`id_pemilik_ternak` = `vaksinasi`.`id_peternak`
LEFT JOIN `admin_kabupaten` ON `admin_kabupaten`.`id_kab` = `pemilik_ternak`.`id_kab`
WHERE `pemilik_ternak`.`id_kab` = \'9107\'')
 3 SYSTEMPATH\Database\BaseBuilder.php(1616): CodeIgniter\Database\BaseConnection->query('SELECT `dokumentasi`.`id_dokumentasi`, `dokumentasi`.`id_jadwal`, `dokumentasi`.`foto`, `dokumentasi`.`text`, `jadwal_vaksin`.`tgl_pemberian`, `jadwal_vaksin`.`id_vaksin`, `vaksinasi`.`id_peternak`, `vaksinasi`.`jumlah_dosis`, `vaksinasi`.`jenis`, `pemilik_ternak`.`id_kab`, `pemilik_ternak`.`nama_pemilik`, `pemilik_ternak`.`alamat`, `pemilik_ternak`.`no_hp`, `admin_kabupaten`.`nama_kabupaten`
FROM `dokumentasi`
LEFT JOIN `jadwal_vaksin` ON `jadwal_vaksin`.`id_jadwal` = `dokumentasi`.`id_jadwal`
LEFT JOIN `vaksinasi` ON `vaksinasi`.`id_vaksinasi` = `jadwal_vaksis`.`id_vaksin`
LEFT JOIN `pemilik_ternak` ON `pemilik_ternak`.`id_pemilik_ternak` = `vaksinasi`.`id_peternak`
LEFT JOIN `admin_kabupaten` ON `admin_kabupaten`.`id_kab` = `pemilik_ternak`.`id_kab`
WHERE `pemilik_ternak`.`id_kab` = :pemilik_ternak.id_kab:', [...], false)
 4 SYSTEMPATH\Model.php(242): CodeIgniter\Database\BaseBuilder->get()
 5 SYSTEMPATH\BaseModel.php(638): CodeIgniter\Model->doFindAll(0, 0)
 6 APPPATH\Controllers\AdminProv.php(211): CodeIgniter\BaseModel->findAll()
 7 SYSTEMPATH\CodeIgniter.php(941): App\Controllers\AdminProv->laporan_detail()
 8 SYSTEMPATH\CodeIgniter.php(502): CodeIgniter\CodeIgniter->runController(Object(App\Controllers\AdminProv))
 9 SYSTEMPATH\CodeIgniter.php(361): CodeIgniter\CodeIgniter->handleRequest(null, Object(Config\Cache), false)
10 FCPATH\index.php(79): CodeIgniter\CodeIgniter->run()
CRITICAL - 2024-04-08 03:38:16 --> [Caused by] mysqli_sql_exception: Unknown column 'jadwal_vaksis.id_vaksin' in 'on clause'
in SYSTEMPATH\Database\MySQLi\Connection.php on line 306.
 1 SYSTEMPATH\Database\MySQLi\Connection.php(306): mysqli->query('SELECT `dokumentasi`.`id_dokumentasi`, `dokumentasi`.`id_jadwal`, `dokumentasi`.`foto`, `dokumentasi`.`text`, `jadwal_vaksin`.`tgl_pemberian`, `jadwal_vaksin`.`id_vaksin`, `vaksinasi`.`id_peternak`, `vaksinasi`.`jumlah_dosis`, `vaksinasi`.`jenis`, `pemilik_ternak`.`id_kab`, `pemilik_ternak`.`nama_pemilik`, `pemilik_ternak`.`alamat`, `pemilik_ternak`.`no_hp`, `admin_kabupaten`.`nama_kabupaten`
FROM `dokumentasi`
LEFT JOIN `jadwal_vaksin` ON `jadwal_vaksin`.`id_jadwal` = `dokumentasi`.`id_jadwal`
LEFT JOIN `vaksinasi` ON `vaksinasi`.`id_vaksinasi` = `jadwal_vaksis`.`id_vaksin`
LEFT JOIN `pemilik_ternak` ON `pemilik_ternak`.`id_pemilik_ternak` = `vaksinasi`.`id_peternak`
LEFT JOIN `admin_kabupaten` ON `admin_kabupaten`.`id_kab` = `pemilik_ternak`.`id_kab`
WHERE `pemilik_ternak`.`id_kab` = \'9107\'', 0)
 2 SYSTEMPATH\Database\BaseConnection.php(693): CodeIgniter\Database\MySQLi\Connection->execute('SELECT `dokumentasi`.`id_dokumentasi`, `dokumentasi`.`id_jadwal`, `dokumentasi`.`foto`, `dokumentasi`.`text`, `jadwal_vaksin`.`tgl_pemberian`, `jadwal_vaksin`.`id_vaksin`, `vaksinasi`.`id_peternak`, `vaksinasi`.`jumlah_dosis`, `vaksinasi`.`jenis`, `pemilik_ternak`.`id_kab`, `pemilik_ternak`.`nama_pemilik`, `pemilik_ternak`.`alamat`, `pemilik_ternak`.`no_hp`, `admin_kabupaten`.`nama_kabupaten`
FROM `dokumentasi`
LEFT JOIN `jadwal_vaksin` ON `jadwal_vaksin`.`id_jadwal` = `dokumentasi`.`id_jadwal`
LEFT JOIN `vaksinasi` ON `vaksinasi`.`id_vaksinasi` = `jadwal_vaksis`.`id_vaksin`
LEFT JOIN `pemilik_ternak` ON `pemilik_ternak`.`id_pemilik_ternak` = `vaksinasi`.`id_peternak`
LEFT JOIN `admin_kabupaten` ON `admin_kabupaten`.`id_kab` = `pemilik_ternak`.`id_kab`
WHERE `pemilik_ternak`.`id_kab` = \'9107\'')
 3 SYSTEMPATH\Database\BaseConnection.php(607): CodeIgniter\Database\BaseConnection->simpleQuery('SELECT `dokumentasi`.`id_dokumentasi`, `dokumentasi`.`id_jadwal`, `dokumentasi`.`foto`, `dokumentasi`.`text`, `jadwal_vaksin`.`tgl_pemberian`, `jadwal_vaksin`.`id_vaksin`, `vaksinasi`.`id_peternak`, `vaksinasi`.`jumlah_dosis`, `vaksinasi`.`jenis`, `pemilik_ternak`.`id_kab`, `pemilik_ternak`.`nama_pemilik`, `pemilik_ternak`.`alamat`, `pemilik_ternak`.`no_hp`, `admin_kabupaten`.`nama_kabupaten`
FROM `dokumentasi`
LEFT JOIN `jadwal_vaksin` ON `jadwal_vaksin`.`id_jadwal` = `dokumentasi`.`id_jadwal`
LEFT JOIN `vaksinasi` ON `vaksinasi`.`id_vaksinasi` = `jadwal_vaksis`.`id_vaksin`
LEFT JOIN `pemilik_ternak` ON `pemilik_ternak`.`id_pemilik_ternak` = `vaksinasi`.`id_peternak`
LEFT JOIN `admin_kabupaten` ON `admin_kabupaten`.`id_kab` = `pemilik_ternak`.`id_kab`
WHERE `pemilik_ternak`.`id_kab` = \'9107\'')
 4 SYSTEMPATH\Database\BaseBuilder.php(1616): CodeIgniter\Database\BaseConnection->query('SELECT `dokumentasi`.`id_dokumentasi`, `dokumentasi`.`id_jadwal`, `dokumentasi`.`foto`, `dokumentasi`.`text`, `jadwal_vaksin`.`tgl_pemberian`, `jadwal_vaksin`.`id_vaksin`, `vaksinasi`.`id_peternak`, `vaksinasi`.`jumlah_dosis`, `vaksinasi`.`jenis`, `pemilik_ternak`.`id_kab`, `pemilik_ternak`.`nama_pemilik`, `pemilik_ternak`.`alamat`, `pemilik_ternak`.`no_hp`, `admin_kabupaten`.`nama_kabupaten`
FROM `dokumentasi`
LEFT JOIN `jadwal_vaksin` ON `jadwal_vaksin`.`id_jadwal` = `dokumentasi`.`id_jadwal`
LEFT JOIN `vaksinasi` ON `vaksinasi`.`id_vaksinasi` = `jadwal_vaksis`.`id_vaksin`
LEFT JOIN `pemilik_ternak` ON `pemilik_ternak`.`id_pemilik_ternak` = `vaksinasi`.`id_peternak`
LEFT JOIN `admin_kabupaten` ON `admin_kabupaten`.`id_kab` = `pemilik_ternak`.`id_kab`
WHERE `pemilik_ternak`.`id_kab` = :pemilik_ternak.id_kab:', [...], false)
 5 SYSTEMPATH\Model.php(242): CodeIgniter\Database\BaseBuilder->get()
 6 SYSTEMPATH\BaseModel.php(638): CodeIgniter\Model->doFindAll(0, 0)
 7 APPPATH\Controllers\AdminProv.php(211): CodeIgniter\BaseModel->findAll()
 8 SYSTEMPATH\CodeIgniter.php(941): App\Controllers\AdminProv->laporan_detail()
 9 SYSTEMPATH\CodeIgniter.php(502): CodeIgniter\CodeIgniter->runController(Object(App\Controllers\AdminProv))
10 SYSTEMPATH\CodeIgniter.php(361): CodeIgniter\CodeIgniter->handleRequest(null, Object(Config\Cache), false)
11 FCPATH\index.php(79): CodeIgniter\CodeIgniter->run()
INFO - 2024-04-08 03:38:19 --> Session: Class initialized using 'CodeIgniter\Session\Handlers\FileHandler' driver.
INFO - 2024-04-08 03:38:24 --> Session: Class initialized using 'CodeIgniter\Session\Handlers\FileHandler' driver.
ERROR - 2024-04-08 03:38:24 --> mysqli_sql_exception: Unknown column 'jadwal_vaksis.id_vaksin' in 'on clause' in C:\xampp\htdocs\vaksinasi\system\Database\MySQLi\Connection.php:306
Stack trace:
#0 C:\xampp\htdocs\vaksinasi\system\Database\MySQLi\Connection.php(306): mysqli->query('SELECT `dokumen...', 0)
#1 C:\xampp\htdocs\vaksinasi\system\Database\BaseConnection.php(693): CodeIgniter\Database\MySQLi\Connection->execute('SELECT `dokumen...')
#2 C:\xampp\htdocs\vaksinasi\system\Database\BaseConnection.php(607): CodeIgniter\Database\BaseConnection->simpleQuery('SELECT `dokumen...')
#3 C:\xampp\htdocs\vaksinasi\system\Database\BaseBuilder.php(1616): CodeIgniter\Database\BaseConnection->query('SELECT `dokumen...', Array, false)
#4 C:\xampp\htdocs\vaksinasi\system\Model.php(242): CodeIgniter\Database\BaseBuilder->get()
#5 C:\xampp\htdocs\vaksinasi\system\BaseModel.php(638): CodeIgniter\Model->doFindAll(0, 0)
#6 C:\xampp\htdocs\vaksinasi\app\Controllers\AdminProv.php(211): CodeIgniter\BaseModel->findAll()
#7 C:\xampp\htdocs\vaksinasi\system\CodeIgniter.php(941): App\Controllers\AdminProv->laporan_detail()
#8 C:\xampp\htdocs\vaksinasi\system\CodeIgniter.php(502): CodeIgniter\CodeIgniter->runController(Object(App\Controllers\AdminProv))
#9 C:\xampp\htdocs\vaksinasi\system\CodeIgniter.php(361): CodeIgniter\CodeIgniter->handleRequest(NULL, Object(Config\Cache), false)
#10 C:\xampp\htdocs\vaksinasi\public\index.php(79): CodeIgniter\CodeIgniter->run()
#11 {main}
CRITICAL - 2024-04-08 03:38:24 --> CodeIgniter\Database\Exceptions\DatabaseException: Unknown column 'jadwal_vaksis.id_vaksin' in 'on clause'
in SYSTEMPATH\Database\BaseConnection.php on line 647.
 1 SYSTEMPATH\Database\BaseBuilder.php(1616): CodeIgniter\Database\BaseConnection->query('SELECT `dokumentasi`.`id_dokumentasi`, `dokumentasi`.`id_jadwal`, `dokumentasi`.`foto`, `dokumentasi`.`text`, `jadwal_vaksin`.`tgl_pemberian`, `jadwal_vaksin`.`id_vaksin`, `vaksinasi`.`id_peternak`, `vaksinasi`.`jumlah_dosis`, `vaksinasi`.`jenis`, `pemilik_ternak`.`id_kab`, `pemilik_ternak`.`nama_pemilik`, `pemilik_ternak`.`alamat`, `pemilik_ternak`.`no_hp`, `admin_kabupaten`.`nama_kabupaten`
FROM `dokumentasi`
LEFT JOIN `jadwal_vaksin` ON `jadwal_vaksin`.`id_jadwal` = `dokumentasi`.`id_jadwal`
LEFT JOIN `vaksinasi` ON `vaksinasi`.`id_vaksinasi` = `jadwal_vaksis`.`id_vaksin`
LEFT JOIN `pemilik_ternak` ON `pemilik_ternak`.`id_pemilik_ternak` = `vaksinasi`.`id_peternak`
LEFT JOIN `admin_kabupaten` ON `admin_kabupaten`.`id_kab` = `pemilik_ternak`.`id_kab`
WHERE `pemilik_ternak`.`id_kab` = :pemilik_ternak.id_kab:', [...], false)
 2 SYSTEMPATH\Model.php(242): CodeIgniter\Database\BaseBuilder->get()
 3 SYSTEMPATH\BaseModel.php(638): CodeIgniter\Model->doFindAll(0, 0)
 4 APPPATH\Controllers\AdminProv.php(211): CodeIgniter\BaseModel->findAll()
 5 SYSTEMPATH\CodeIgniter.php(941): App\Controllers\AdminProv->laporan_detail()
 6 SYSTEMPATH\CodeIgniter.php(502): CodeIgniter\CodeIgniter->runController(Object(App\Controllers\AdminProv))
 7 SYSTEMPATH\CodeIgniter.php(361): CodeIgniter\CodeIgniter->handleRequest(null, Object(Config\Cache), false)
 8 FCPATH\index.php(79): CodeIgniter\CodeIgniter->run()
CRITICAL - 2024-04-08 03:38:24 --> [Caused by] CodeIgniter\Database\Exceptions\DatabaseException: Unknown column 'jadwal_vaksis.id_vaksin' in 'on clause'
in SYSTEMPATH\Database\MySQLi\Connection.php on line 311.
 1 SYSTEMPATH\Database\BaseConnection.php(693): CodeIgniter\Database\MySQLi\Connection->execute('SELECT `dokumentasi`.`id_dokumentasi`, `dokumentasi`.`id_jadwal`, `dokumentasi`.`foto`, `dokumentasi`.`text`, `jadwal_vaksin`.`tgl_pemberian`, `jadwal_vaksin`.`id_vaksin`, `vaksinasi`.`id_peternak`, `vaksinasi`.`jumlah_dosis`, `vaksinasi`.`jenis`, `pemilik_ternak`.`id_kab`, `pemilik_ternak`.`nama_pemilik`, `pemilik_ternak`.`alamat`, `pemilik_ternak`.`no_hp`, `admin_kabupaten`.`nama_kabupaten`
FROM `dokumentasi`
LEFT JOIN `jadwal_vaksin` ON `jadwal_vaksin`.`id_jadwal` = `dokumentasi`.`id_jadwal`
LEFT JOIN `vaksinasi` ON `vaksinasi`.`id_vaksinasi` = `jadwal_vaksis`.`id_vaksin`
LEFT JOIN `pemilik_ternak` ON `pemilik_ternak`.`id_pemilik_ternak` = `vaksinasi`.`id_peternak`
LEFT JOIN `admin_kabupaten` ON `admin_kabupaten`.`id_kab` = `pemilik_ternak`.`id_kab`
WHERE `pemilik_ternak`.`id_kab` = \'9107\'')
 2 SYSTEMPATH\Database\BaseConnection.php(607): CodeIgniter\Database\BaseConnection->simpleQuery('SELECT `dokumentasi`.`id_dokumentasi`, `dokumentasi`.`id_jadwal`, `dokumentasi`.`foto`, `dokumentasi`.`text`, `jadwal_vaksin`.`tgl_pemberian`, `jadwal_vaksin`.`id_vaksin`, `vaksinasi`.`id_peternak`, `vaksinasi`.`jumlah_dosis`, `vaksinasi`.`jenis`, `pemilik_ternak`.`id_kab`, `pemilik_ternak`.`nama_pemilik`, `pemilik_ternak`.`alamat`, `pemilik_ternak`.`no_hp`, `admin_kabupaten`.`nama_kabupaten`
FROM `dokumentasi`
LEFT JOIN `jadwal_vaksin` ON `jadwal_vaksin`.`id_jadwal` = `dokumentasi`.`id_jadwal`
LEFT JOIN `vaksinasi` ON `vaksinasi`.`id_vaksinasi` = `jadwal_vaksis`.`id_vaksin`
LEFT JOIN `pemilik_ternak` ON `pemilik_ternak`.`id_pemilik_ternak` = `vaksinasi`.`id_peternak`
LEFT JOIN `admin_kabupaten` ON `admin_kabupaten`.`id_kab` = `pemilik_ternak`.`id_kab`
WHERE `pemilik_ternak`.`id_kab` = \'9107\'')
 3 SYSTEMPATH\Database\BaseBuilder.php(1616): CodeIgniter\Database\BaseConnection->query('SELECT `dokumentasi`.`id_dokumentasi`, `dokumentasi`.`id_jadwal`, `dokumentasi`.`foto`, `dokumentasi`.`text`, `jadwal_vaksin`.`tgl_pemberian`, `jadwal_vaksin`.`id_vaksin`, `vaksinasi`.`id_peternak`, `vaksinasi`.`jumlah_dosis`, `vaksinasi`.`jenis`, `pemilik_ternak`.`id_kab`, `pemilik_ternak`.`nama_pemilik`, `pemilik_ternak`.`alamat`, `pemilik_ternak`.`no_hp`, `admin_kabupaten`.`nama_kabupaten`
FROM `dokumentasi`
LEFT JOIN `jadwal_vaksin` ON `jadwal_vaksin`.`id_jadwal` = `dokumentasi`.`id_jadwal`
LEFT JOIN `vaksinasi` ON `vaksinasi`.`id_vaksinasi` = `jadwal_vaksis`.`id_vaksin`
LEFT JOIN `pemilik_ternak` ON `pemilik_ternak`.`id_pemilik_ternak` = `vaksinasi`.`id_peternak`
LEFT JOIN `admin_kabupaten` ON `admin_kabupaten`.`id_kab` = `pemilik_ternak`.`id_kab`
WHERE `pemilik_ternak`.`id_kab` = :pemilik_ternak.id_kab:', [...], false)
 4 SYSTEMPATH\Model.php(242): CodeIgniter\Database\BaseBuilder->get()
 5 SYSTEMPATH\BaseModel.php(638): CodeIgniter\Model->doFindAll(0, 0)
 6 APPPATH\Controllers\AdminProv.php(211): CodeIgniter\BaseModel->findAll()
 7 SYSTEMPATH\CodeIgniter.php(941): App\Controllers\AdminProv->laporan_detail()
 8 SYSTEMPATH\CodeIgniter.php(502): CodeIgniter\CodeIgniter->runController(Object(App\Controllers\AdminProv))
 9 SYSTEMPATH\CodeIgniter.php(361): CodeIgniter\CodeIgniter->handleRequest(null, Object(Config\Cache), false)
10 FCPATH\index.php(79): CodeIgniter\CodeIgniter->run()
CRITICAL - 2024-04-08 03:38:24 --> [Caused by] mysqli_sql_exception: Unknown column 'jadwal_vaksis.id_vaksin' in 'on clause'
in SYSTEMPATH\Database\MySQLi\Connection.php on line 306.
 1 SYSTEMPATH\Database\MySQLi\Connection.php(306): mysqli->query('SELECT `dokumentasi`.`id_dokumentasi`, `dokumentasi`.`id_jadwal`, `dokumentasi`.`foto`, `dokumentasi`.`text`, `jadwal_vaksin`.`tgl_pemberian`, `jadwal_vaksin`.`id_vaksin`, `vaksinasi`.`id_peternak`, `vaksinasi`.`jumlah_dosis`, `vaksinasi`.`jenis`, `pemilik_ternak`.`id_kab`, `pemilik_ternak`.`nama_pemilik`, `pemilik_ternak`.`alamat`, `pemilik_ternak`.`no_hp`, `admin_kabupaten`.`nama_kabupaten`
FROM `dokumentasi`
LEFT JOIN `jadwal_vaksin` ON `jadwal_vaksin`.`id_jadwal` = `dokumentasi`.`id_jadwal`
LEFT JOIN `vaksinasi` ON `vaksinasi`.`id_vaksinasi` = `jadwal_vaksis`.`id_vaksin`
LEFT JOIN `pemilik_ternak` ON `pemilik_ternak`.`id_pemilik_ternak` = `vaksinasi`.`id_peternak`
LEFT JOIN `admin_kabupaten` ON `admin_kabupaten`.`id_kab` = `pemilik_ternak`.`id_kab`
WHERE `pemilik_ternak`.`id_kab` = \'9107\'', 0)
 2 SYSTEMPATH\Database\BaseConnection.php(693): CodeIgniter\Database\MySQLi\Connection->execute('SELECT `dokumentasi`.`id_dokumentasi`, `dokumentasi`.`id_jadwal`, `dokumentasi`.`foto`, `dokumentasi`.`text`, `jadwal_vaksin`.`tgl_pemberian`, `jadwal_vaksin`.`id_vaksin`, `vaksinasi`.`id_peternak`, `vaksinasi`.`jumlah_dosis`, `vaksinasi`.`jenis`, `pemilik_ternak`.`id_kab`, `pemilik_ternak`.`nama_pemilik`, `pemilik_ternak`.`alamat`, `pemilik_ternak`.`no_hp`, `admin_kabupaten`.`nama_kabupaten`
FROM `dokumentasi`
LEFT JOIN `jadwal_vaksin` ON `jadwal_vaksin`.`id_jadwal` = `dokumentasi`.`id_jadwal`
LEFT JOIN `vaksinasi` ON `vaksinasi`.`id_vaksinasi` = `jadwal_vaksis`.`id_vaksin`
LEFT JOIN `pemilik_ternak` ON `pemilik_ternak`.`id_pemilik_ternak` = `vaksinasi`.`id_peternak`
LEFT JOIN `admin_kabupaten` ON `admin_kabupaten`.`id_kab` = `pemilik_ternak`.`id_kab`
WHERE `pemilik_ternak`.`id_kab` = \'9107\'')
 3 SYSTEMPATH\Database\BaseConnection.php(607): CodeIgniter\Database\BaseConnection->simpleQuery('SELECT `dokumentasi`.`id_dokumentasi`, `dokumentasi`.`id_jadwal`, `dokumentasi`.`foto`, `dokumentasi`.`text`, `jadwal_vaksin`.`tgl_pemberian`, `jadwal_vaksin`.`id_vaksin`, `vaksinasi`.`id_peternak`, `vaksinasi`.`jumlah_dosis`, `vaksinasi`.`jenis`, `pemilik_ternak`.`id_kab`, `pemilik_ternak`.`nama_pemilik`, `pemilik_ternak`.`alamat`, `pemilik_ternak`.`no_hp`, `admin_kabupaten`.`nama_kabupaten`
FROM `dokumentasi`
LEFT JOIN `jadwal_vaksin` ON `jadwal_vaksin`.`id_jadwal` = `dokumentasi`.`id_jadwal`
LEFT JOIN `vaksinasi` ON `vaksinasi`.`id_vaksinasi` = `jadwal_vaksis`.`id_vaksin`
LEFT JOIN `pemilik_ternak` ON `pemilik_ternak`.`id_pemilik_ternak` = `vaksinasi`.`id_peternak`
LEFT JOIN `admin_kabupaten` ON `admin_kabupaten`.`id_kab` = `pemilik_ternak`.`id_kab`
WHERE `pemilik_ternak`.`id_kab` = \'9107\'')
 4 SYSTEMPATH\Database\BaseBuilder.php(1616): CodeIgniter\Database\BaseConnection->query('SELECT `dokumentasi`.`id_dokumentasi`, `dokumentasi`.`id_jadwal`, `dokumentasi`.`foto`, `dokumentasi`.`text`, `jadwal_vaksin`.`tgl_pemberian`, `jadwal_vaksin`.`id_vaksin`, `vaksinasi`.`id_peternak`, `vaksinasi`.`jumlah_dosis`, `vaksinasi`.`jenis`, `pemilik_ternak`.`id_kab`, `pemilik_ternak`.`nama_pemilik`, `pemilik_ternak`.`alamat`, `pemilik_ternak`.`no_hp`, `admin_kabupaten`.`nama_kabupaten`
FROM `dokumentasi`
LEFT JOIN `jadwal_vaksin` ON `jadwal_vaksin`.`id_jadwal` = `dokumentasi`.`id_jadwal`
LEFT JOIN `vaksinasi` ON `vaksinasi`.`id_vaksinasi` = `jadwal_vaksis`.`id_vaksin`
LEFT JOIN `pemilik_ternak` ON `pemilik_ternak`.`id_pemilik_ternak` = `vaksinasi`.`id_peternak`
LEFT JOIN `admin_kabupaten` ON `admin_kabupaten`.`id_kab` = `pemilik_ternak`.`id_kab`
WHERE `pemilik_ternak`.`id_kab` = :pemilik_ternak.id_kab:', [...], false)
 5 SYSTEMPATH\Model.php(242): CodeIgniter\Database\BaseBuilder->get()
 6 SYSTEMPATH\BaseModel.php(638): CodeIgniter\Model->doFindAll(0, 0)
 7 APPPATH\Controllers\AdminProv.php(211): CodeIgniter\BaseModel->findAll()
 8 SYSTEMPATH\CodeIgniter.php(941): App\Controllers\AdminProv->laporan_detail()
 9 SYSTEMPATH\CodeIgniter.php(502): CodeIgniter\CodeIgniter->runController(Object(App\Controllers\AdminProv))
10 SYSTEMPATH\CodeIgniter.php(361): CodeIgniter\CodeIgniter->handleRequest(null, Object(Config\Cache), false)
11 FCPATH\index.php(79): CodeIgniter\CodeIgniter->run()
INFO - 2024-04-08 03:38:33 --> Session: Class initialized using 'CodeIgniter\Session\Handlers\FileHandler' driver.
INFO - 2024-04-08 03:38:37 --> Session: Class initialized using 'CodeIgniter\Session\Handlers\FileHandler' driver.
INFO - 2024-04-08 03:41:48 --> Session: Class initialized using 'CodeIgniter\Session\Handlers\FileHandler' driver.
INFO - 2024-04-08 03:41:52 --> Session: Class initialized using 'CodeIgniter\Session\Handlers\FileHandler' driver.
INFO - 2024-04-08 03:44:39 --> Session: Class initialized using 'CodeIgniter\Session\Handlers\FileHandler' driver.
INFO - 2024-04-08 03:44:46 --> Session: Class initialized using 'CodeIgniter\Session\Handlers\FileHandler' driver.
INFO - 2024-04-08 03:45:09 --> Session: Class initialized using 'CodeIgniter\Session\Handlers\FileHandler' driver.
INFO - 2024-04-08 03:45:36 --> Session: Class initialized using 'CodeIgniter\Session\Handlers\FileHandler' driver.
INFO - 2024-04-08 03:46:11 --> Session: Class initialized using 'CodeIgniter\Session\Handlers\FileHandler' driver.
INFO - 2024-04-08 03:46:11 --> Session: Class initialized using 'CodeIgniter\Session\Handlers\FileHandler' driver.
INFO - 2024-04-08 03:46:21 --> Session: Class initialized using 'CodeIgniter\Session\Handlers\FileHandler' driver.
INFO - 2024-04-08 03:46:27 --> Session: Class initialized using 'CodeIgniter\Session\Handlers\FileHandler' driver.
INFO - 2024-04-08 03:46:54 --> Session: Class initialized using 'CodeIgniter\Session\Handlers\FileHandler' driver.
INFO - 2024-04-08 03:46:58 --> Session: Class initialized using 'CodeIgniter\Session\Handlers\FileHandler' driver.
INFO - 2024-04-08 03:47:01 --> Session: Class initialized using 'CodeIgniter\Session\Handlers\FileHandler' driver.
INFO - 2024-04-08 03:47:03 --> Session: Class initialized using 'CodeIgniter\Session\Handlers\FileHandler' driver.
INFO - 2024-04-08 03:47:06 --> Session: Class initialized using 'CodeIgniter\Session\Handlers\FileHandler' driver.
INFO - 2024-04-08 03:47:58 --> Session: Class initialized using 'CodeIgniter\Session\Handlers\FileHandler' driver.
INFO - 2024-04-08 03:50:59 --> Session: Class initialized using 'CodeIgniter\Session\Handlers\FileHandler' driver.
INFO - 2024-04-08 03:51:02 --> Session: Class initialized using 'CodeIgniter\Session\Handlers\FileHandler' driver.
INFO - 2024-04-08 03:51:06 --> Session: Class initialized using 'CodeIgniter\Session\Handlers\FileHandler' driver.
INFO - 2024-04-08 03:51:17 --> Session: Class initialized using 'CodeIgniter\Session\Handlers\FileHandler' driver.
INFO - 2024-04-08 03:51:22 --> Session: Class initialized using 'CodeIgniter\Session\Handlers\FileHandler' driver.
INFO - 2024-04-08 03:51:28 --> Session: Class initialized using 'CodeIgniter\Session\Handlers\FileHandler' driver.
INFO - 2024-04-08 03:51:31 --> Session: Class initialized using 'CodeIgniter\Session\Handlers\FileHandler' driver.
INFO - 2024-04-08 03:51:35 --> Session: Class initialized using 'CodeIgniter\Session\Handlers\FileHandler' driver.
INFO - 2024-04-08 03:51:38 --> Session: Class initialized using 'CodeIgniter\Session\Handlers\FileHandler' driver.
INFO - 2024-04-08 03:51:42 --> Session: Class initialized using 'CodeIgniter\Session\Handlers\FileHandler' driver.
INFO - 2024-04-08 03:51:54 --> Session: Class initialized using 'CodeIgniter\Session\Handlers\FileHandler' driver.
INFO - 2024-04-08 03:51:57 --> Session: Class initialized using 'CodeIgniter\Session\Handlers\FileHandler' driver.
INFO - 2024-04-08 03:51:58 --> Session: Class initialized using 'CodeIgniter\Session\Handlers\FileHandler' driver.
INFO - 2024-04-08 03:52:04 --> Session: Class initialized using 'CodeIgniter\Session\Handlers\FileHandler' driver.
INFO - 2024-04-08 03:52:18 --> Session: Class initialized using 'CodeIgniter\Session\Handlers\FileHandler' driver.
INFO - 2024-04-08 03:52:23 --> Session: Class initialized using 'CodeIgniter\Session\Handlers\FileHandler' driver.
INFO - 2024-04-08 03:52:25 --> Session: Class initialized using 'CodeIgniter\Session\Handlers\FileHandler' driver.
INFO - 2024-04-08 03:52:27 --> Session: Class initialized using 'CodeIgniter\Session\Handlers\FileHandler' driver.
INFO - 2024-04-08 03:52:48 --> Session: Class initialized using 'CodeIgniter\Session\Handlers\FileHandler' driver.
INFO - 2024-04-08 03:52:48 --> Session: Class initialized using 'CodeIgniter\Session\Handlers\FileHandler' driver.
INFO - 2024-04-08 03:52:51 --> Session: Class initialized using 'CodeIgniter\Session\Handlers\FileHandler' driver.
INFO - 2024-04-08 03:52:53 --> Session: Class initialized using 'CodeIgniter\Session\Handlers\FileHandler' driver.
INFO - 2024-04-08 03:52:57 --> Session: Class initialized using 'CodeIgniter\Session\Handlers\FileHandler' driver.
INFO - 2024-04-08 03:53:02 --> Session: Class initialized using 'CodeIgniter\Session\Handlers\FileHandler' driver.
INFO - 2024-04-08 03:53:05 --> Session: Class initialized using 'CodeIgniter\Session\Handlers\FileHandler' driver.
INFO - 2024-04-08 03:53:19 --> Session: Class initialized using 'CodeIgniter\Session\Handlers\FileHandler' driver.
INFO - 2024-04-08 03:53:19 --> Session: Class initialized using 'CodeIgniter\Session\Handlers\FileHandler' driver.
INFO - 2024-04-08 03:53:21 --> Session: Class initialized using 'CodeIgniter\Session\Handlers\FileHandler' driver.
INFO - 2024-04-08 03:53:26 --> Session: Class initialized using 'CodeIgniter\Session\Handlers\FileHandler' driver.
INFO - 2024-04-08 03:53:28 --> Session: Class initialized using 'CodeIgniter\Session\Handlers\FileHandler' driver.
INFO - 2024-04-08 03:53:31 --> Session: Class initialized using 'CodeIgniter\Session\Handlers\FileHandler' driver.
INFO - 2024-04-08 03:53:34 --> Session: Class initialized using 'CodeIgniter\Session\Handlers\FileHandler' driver.
INFO - 2024-04-08 03:53:35 --> Session: Class initialized using 'CodeIgniter\Session\Handlers\FileHandler' driver.
INFO - 2024-04-08 03:53:37 --> Session: Class initialized using 'CodeIgniter\Session\Handlers\FileHandler' driver.
INFO - 2024-04-08 03:53:40 --> Session: Class initialized using 'CodeIgniter\Session\Handlers\FileHandler' driver.
INFO - 2024-04-08 04:02:32 --> Session: Class initialized using 'CodeIgniter\Session\Handlers\FileHandler' driver.
INFO - 2024-04-08 04:02:39 --> Session: Class initialized using 'CodeIgniter\Session\Handlers\FileHandler' driver.
INFO - 2024-04-08 04:03:24 --> Session: Class initialized using 'CodeIgniter\Session\Handlers\FileHandler' driver.
INFO - 2024-04-08 04:03:55 --> Session: Class initialized using 'CodeIgniter\Session\Handlers\FileHandler' driver.
INFO - 2024-04-08 04:03:59 --> Session: Class initialized using 'CodeIgniter\Session\Handlers\FileHandler' driver.
INFO - 2024-04-08 04:06:56 --> Session: Class initialized using 'CodeIgniter\Session\Handlers\FileHandler' driver.
INFO - 2024-04-08 04:07:15 --> Session: Class initialized using 'CodeIgniter\Session\Handlers\FileHandler' driver.
INFO - 2024-04-08 04:16:22 --> Session: Class initialized using 'CodeIgniter\Session\Handlers\FileHandler' driver.
INFO - 2024-04-08 04:17:00 --> Session: Class initialized using 'CodeIgniter\Session\Handlers\FileHandler' driver.
INFO - 2024-04-08 04:17:11 --> Session: Class initialized using 'CodeIgniter\Session\Handlers\FileHandler' driver.
INFO - 2024-04-08 04:17:21 --> Session: Class initialized using 'CodeIgniter\Session\Handlers\FileHandler' driver.
INFO - 2024-04-08 04:17:39 --> Session: Class initialized using 'CodeIgniter\Session\Handlers\FileHandler' driver.
INFO - 2024-04-08 04:17:44 --> Session: Class initialized using 'CodeIgniter\Session\Handlers\FileHandler' driver.
INFO - 2024-04-08 04:17:48 --> Session: Class initialized using 'CodeIgniter\Session\Handlers\FileHandler' driver.
INFO - 2024-04-08 04:18:02 --> Session: Class initialized using 'CodeIgniter\Session\Handlers\FileHandler' driver.
INFO - 2024-04-08 04:18:10 --> Session: Class initialized using 'CodeIgniter\Session\Handlers\FileHandler' driver.
INFO - 2024-04-08 04:19:33 --> Session: Class initialized using 'CodeIgniter\Session\Handlers\FileHandler' driver.
INFO - 2024-04-08 04:19:35 --> Session: Class initialized using 'CodeIgniter\Session\Handlers\FileHandler' driver.
INFO - 2024-04-08 04:19:56 --> Session: Class initialized using 'CodeIgniter\Session\Handlers\FileHandler' driver.
INFO - 2024-04-08 04:19:57 --> Session: Class initialized using 'CodeIgniter\Session\Handlers\FileHandler' driver.
INFO - 2024-04-08 04:21:40 --> Session: Class initialized using 'CodeIgniter\Session\Handlers\FileHandler' driver.
INFO - 2024-04-08 04:21:52 --> Session: Class initialized using 'CodeIgniter\Session\Handlers\FileHandler' driver.
INFO - 2024-04-08 04:22:30 --> Session: Class initialized using 'CodeIgniter\Session\Handlers\FileHandler' driver.
INFO - 2024-04-08 04:22:47 --> Session: Class initialized using 'CodeIgniter\Session\Handlers\FileHandler' driver.
INFO - 2024-04-08 04:58:18 --> Session: Class initialized using 'CodeIgniter\Session\Handlers\FileHandler' driver.
INFO - 2024-04-08 04:58:23 --> Session: Class initialized using 'CodeIgniter\Session\Handlers\FileHandler' driver.
INFO - 2024-04-08 04:58:39 --> Session: Class initialized using 'CodeIgniter\Session\Handlers\FileHandler' driver.
INFO - 2024-04-08 04:58:56 --> Session: Class initialized using 'CodeIgniter\Session\Handlers\FileHandler' driver.
INFO - 2024-04-08 04:59:04 --> Session: Class initialized using 'CodeIgniter\Session\Handlers\FileHandler' driver.
INFO - 2024-04-08 04:59:23 --> Session: Class initialized using 'CodeIgniter\Session\Handlers\FileHandler' driver.
INFO - 2024-04-08 04:59:31 --> Session: Class initialized using 'CodeIgniter\Session\Handlers\FileHandler' driver.
INFO - 2024-04-08 04:59:34 --> Session: Class initialized using 'CodeIgniter\Session\Handlers\FileHandler' driver.
INFO - 2024-04-08 04:59:44 --> Session: Class initialized using 'CodeIgniter\Session\Handlers\FileHandler' driver.
INFO - 2024-04-08 04:59:59 --> Session: Class initialized using 'CodeIgniter\Session\Handlers\FileHandler' driver.
INFO - 2024-04-08 05:04:04 --> Session: Class initialized using 'CodeIgniter\Session\Handlers\FileHandler' driver.
INFO - 2024-04-08 05:05:00 --> Session: Class initialized using 'CodeIgniter\Session\Handlers\FileHandler' driver.
INFO - 2024-04-08 05:05:01 --> Session: Class initialized using 'CodeIgniter\Session\Handlers\FileHandler' driver.
INFO - 2024-04-08 05:05:16 --> Session: Class initialized using 'CodeIgniter\Session\Handlers\FileHandler' driver.
INFO - 2024-04-08 05:05:32 --> Session: Class initialized using 'CodeIgniter\Session\Handlers\FileHandler' driver.
INFO - 2024-04-08 05:05:36 --> Session: Class initialized using 'CodeIgniter\Session\Handlers\FileHandler' driver.
INFO - 2024-04-08 05:05:42 --> Session: Class initialized using 'CodeIgniter\Session\Handlers\FileHandler' driver.
INFO - 2024-04-08 05:05:46 --> Session: Class initialized using 'CodeIgniter\Session\Handlers\FileHandler' driver.
INFO - 2024-04-08 05:06:14 --> Session: Class initialized using 'CodeIgniter\Session\Handlers\FileHandler' driver.
INFO - 2024-04-08 05:06:40 --> Session: Class initialized using 'CodeIgniter\Session\Handlers\FileHandler' driver.
INFO - 2024-04-08 05:06:48 --> Session: Class initialized using 'CodeIgniter\Session\Handlers\FileHandler' driver.
INFO - 2024-04-08 05:06:48 --> Session: Class initialized using 'CodeIgniter\Session\Handlers\FileHandler' driver.
INFO - 2024-04-08 05:07:06 --> Session: Class initialized using 'CodeIgniter\Session\Handlers\FileHandler' driver.
INFO - 2024-04-08 05:07:15 --> Session: Class initialized using 'CodeIgniter\Session\Handlers\FileHandler' driver.
INFO - 2024-04-08 05:07:22 --> Session: Class initialized using 'CodeIgniter\Session\Handlers\FileHandler' driver.
INFO - 2024-04-08 05:07:24 --> Session: Class initialized using 'CodeIgniter\Session\Handlers\FileHandler' driver.
INFO - 2024-04-08 05:07:27 --> Session: Class initialized using 'CodeIgniter\Session\Handlers\FileHandler' driver.
INFO - 2024-04-08 05:07:35 --> Session: Class initialized using 'CodeIgniter\Session\Handlers\FileHandler' driver.
INFO - 2024-04-08 05:07:39 --> Session: Class initialized using 'CodeIgniter\Session\Handlers\FileHandler' driver.
INFO - 2024-04-08 05:07:46 --> Session: Class initialized using 'CodeIgniter\Session\Handlers\FileHandler' driver.
INFO - 2024-04-08 05:07:46 --> Session: Class initialized using 'CodeIgniter\Session\Handlers\FileHandler' driver.
INFO - 2024-04-08 05:07:51 --> Session: Class initialized using 'CodeIgniter\Session\Handlers\FileHandler' driver.
INFO - 2024-04-08 05:08:08 --> Session: Class initialized using 'CodeIgniter\Session\Handlers\FileHandler' driver.
INFO - 2024-04-08 05:08:25 --> Session: Class initialized using 'CodeIgniter\Session\Handlers\FileHandler' driver.
INFO - 2024-04-08 05:08:33 --> Session: Class initialized using 'CodeIgniter\Session\Handlers\FileHandler' driver.
INFO - 2024-04-08 05:08:33 --> Session: Class initialized using 'CodeIgniter\Session\Handlers\FileHandler' driver.
INFO - 2024-04-08 05:08:38 --> Session: Class initialized using 'CodeIgniter\Session\Handlers\FileHandler' driver.
INFO - 2024-04-08 05:08:46 --> Session: Class initialized using 'CodeIgniter\Session\Handlers\FileHandler' driver.
INFO - 2024-04-08 05:08:46 --> Session: Class initialized using 'CodeIgniter\Session\Handlers\FileHandler' driver.
INFO - 2024-04-08 05:08:50 --> Session: Class initialized using 'CodeIgniter\Session\Handlers\FileHandler' driver.
INFO - 2024-04-08 05:08:52 --> Session: Class initialized using 'CodeIgniter\Session\Handlers\FileHandler' driver.
INFO - 2024-04-08 05:08:58 --> Session: Class initialized using 'CodeIgniter\Session\Handlers\FileHandler' driver.
INFO - 2024-04-08 05:09:02 --> Session: Class initialized using 'CodeIgniter\Session\Handlers\FileHandler' driver.
INFO - 2024-04-08 05:09:06 --> Session: Class initialized using 'CodeIgniter\Session\Handlers\FileHandler' driver.
INFO - 2024-04-08 05:09:49 --> Session: Class initialized using 'CodeIgniter\Session\Handlers\FileHandler' driver.
INFO - 2024-04-08 05:09:49 --> Session: Class initialized using 'CodeIgniter\Session\Handlers\FileHandler' driver.
INFO - 2024-04-08 05:09:51 --> Session: Class initialized using 'CodeIgniter\Session\Handlers\FileHandler' driver.
INFO - 2024-04-08 05:10:00 --> Session: Class initialized using 'CodeIgniter\Session\Handlers\FileHandler' driver.
INFO - 2024-04-08 05:10:14 --> Session: Class initialized using 'CodeIgniter\Session\Handlers\FileHandler' driver.
INFO - 2024-04-08 05:10:18 --> Session: Class initialized using 'CodeIgniter\Session\Handlers\FileHandler' driver.
INFO - 2024-04-08 05:10:22 --> Session: Class initialized using 'CodeIgniter\Session\Handlers\FileHandler' driver.
INFO - 2024-04-08 05:10:25 --> Session: Class initialized using 'CodeIgniter\Session\Handlers\FileHandler' driver.
INFO - 2024-04-08 05:10:58 --> Session: Class initialized using 'CodeIgniter\Session\Handlers\FileHandler' driver.
INFO - 2024-04-08 05:10:59 --> Session: Class initialized using 'CodeIgniter\Session\Handlers\FileHandler' driver.
INFO - 2024-04-08 05:11:03 --> Session: Class initialized using 'CodeIgniter\Session\Handlers\FileHandler' driver.
INFO - 2024-04-08 05:11:06 --> Session: Class initialized using 'CodeIgniter\Session\Handlers\FileHandler' driver.
INFO - 2024-04-08 05:11:10 --> Session: Class initialized using 'CodeIgniter\Session\Handlers\FileHandler' driver.
INFO - 2024-04-08 05:11:10 --> Session: Class initialized using 'CodeIgniter\Session\Handlers\FileHandler' driver.
INFO - 2024-04-08 05:11:17 --> Session: Class initialized using 'CodeIgniter\Session\Handlers\FileHandler' driver.
INFO - 2024-04-08 05:11:21 --> Session: Class initialized using 'CodeIgniter\Session\Handlers\FileHandler' driver.
INFO - 2024-04-08 05:11:24 --> Session: Class initialized using 'CodeIgniter\Session\Handlers\FileHandler' driver.
INFO - 2024-04-08 05:11:29 --> Session: Class initialized using 'CodeIgniter\Session\Handlers\FileHandler' driver.
INFO - 2024-04-08 05:11:36 --> Session: Class initialized using 'CodeIgniter\Session\Handlers\FileHandler' driver.
INFO - 2024-04-08 05:11:46 --> Session: Class initialized using 'CodeIgniter\Session\Handlers\FileHandler' driver.
INFO - 2024-04-08 05:11:52 --> Session: Class initialized using 'CodeIgniter\Session\Handlers\FileHandler' driver.
INFO - 2024-04-08 05:11:56 --> Session: Class initialized using 'CodeIgniter\Session\Handlers\FileHandler' driver.
INFO - 2024-04-08 05:12:04 --> Session: Class initialized using 'CodeIgniter\Session\Handlers\FileHandler' driver.
INFO - 2024-04-08 05:12:28 --> Session: Class initialized using 'CodeIgniter\Session\Handlers\FileHandler' driver.
INFO - 2024-04-08 05:12:31 --> Session: Class initialized using 'CodeIgniter\Session\Handlers\FileHandler' driver.
INFO - 2024-04-08 05:12:33 --> Session: Class initialized using 'CodeIgniter\Session\Handlers\FileHandler' driver.
INFO - 2024-04-08 05:12:37 --> Session: Class initialized using 'CodeIgniter\Session\Handlers\FileHandler' driver.
INFO - 2024-04-08 05:13:03 --> Session: Class initialized using 'CodeIgniter\Session\Handlers\FileHandler' driver.
INFO - 2024-04-08 05:13:03 --> Session: Class initialized using 'CodeIgniter\Session\Handlers\FileHandler' driver.
INFO - 2024-04-08 05:13:07 --> Session: Class initialized using 'CodeIgniter\Session\Handlers\FileHandler' driver.
INFO - 2024-04-08 05:13:10 --> Session: Class initialized using 'CodeIgniter\Session\Handlers\FileHandler' driver.
INFO - 2024-04-08 05:13:13 --> Session: Class initialized using 'CodeIgniter\Session\Handlers\FileHandler' driver.
INFO - 2024-04-08 05:13:26 --> Session: Class initialized using 'CodeIgniter\Session\Handlers\FileHandler' driver.
INFO - 2024-04-08 05:13:27 --> Session: Class initialized using 'CodeIgniter\Session\Handlers\FileHandler' driver.
INFO - 2024-04-08 05:13:30 --> Session: Class initialized using 'CodeIgniter\Session\Handlers\FileHandler' driver.
INFO - 2024-04-08 05:13:38 --> Session: Class initialized using 'CodeIgniter\Session\Handlers\FileHandler' driver.
